
**** Build of configuration Debug for project eusci_b_i2c_ex1_masterRxMultiple ****

/home/vityha/ti/ccs1100/ccs/utils/bin/gmake -k -j 6 all -O 
 
Building file: "../driverlib/MSP430FR2xx_4xx/ecomp.c"
Invoking: MSP430 Compiler
"/home/vityha/ti/ccs1100/ccs/tools/compiler/ti-cgt-msp430_21.6.0.LTS/bin/cl430" -vmspx --use_hw_mpy=none --include_path="/home/vityha/ti/ccs1100/ccs/ccs_base/msp430/include" --include_path="/home/vityha/POC/msp_workshop/FR4133_fram/workspace/eusci_b_i2c_ex1_masterRxMultiple" --include_path="/home/vityha/POC/msp_workshop/FR4133_fram/workspace/eusci_b_i2c_ex1_masterRxMultiple/driverlib/MSP430FR2xx_4xx" --include_path="/home/vityha/ti/ccs1100/ccs/tools/compiler/ti-cgt-msp430_21.6.0.LTS/include" --advice:power="none" --advice:hw_config=all --define=__MSP430FR4133__ --define=DEPRECATED -g --printf_support=minimal --diag_warning=225 --diag_wrap=off --display_error_number --silicon_errata=CPU21 --silicon_errata=CPU22 --silicon_errata=CPU40 --preproc_with_compile --preproc_dependency="driverlib/MSP430FR2xx_4xx/ecomp.d_raw" --obj_directory="driverlib/MSP430FR2xx_4xx"  "../driverlib/MSP430FR2xx_4xx/ecomp.c"
Finished building: "../driverlib/MSP430FR2xx_4xx/ecomp.c"
 
Building file: "../driverlib/MSP430FR2xx_4xx/crc.c"
Invoking: MSP430 Compiler
"/home/vityha/ti/ccs1100/ccs/tools/compiler/ti-cgt-msp430_21.6.0.LTS/bin/cl430" -vmspx --use_hw_mpy=none --include_path="/home/vityha/ti/ccs1100/ccs/ccs_base/msp430/include" --include_path="/home/vityha/POC/msp_workshop/FR4133_fram/workspace/eusci_b_i2c_ex1_masterRxMultiple" --include_path="/home/vityha/POC/msp_workshop/FR4133_fram/workspace/eusci_b_i2c_ex1_masterRxMultiple/driverlib/MSP430FR2xx_4xx" --include_path="/home/vityha/ti/ccs1100/ccs/tools/compiler/ti-cgt-msp430_21.6.0.LTS/include" --advice:power="none" --advice:hw_config=all --define=__MSP430FR4133__ --define=DEPRECATED -g --printf_support=minimal --diag_warning=225 --diag_wrap=off --display_error_number --silicon_errata=CPU21 --silicon_errata=CPU22 --silicon_errata=CPU40 --preproc_with_compile --preproc_dependency="driverlib/MSP430FR2xx_4xx/crc.d_raw" --obj_directory="driverlib/MSP430FR2xx_4xx"  "../driverlib/MSP430FR2xx_4xx/crc.c"
Finished building: "../driverlib/MSP430FR2xx_4xx/crc.c"
 
Building file: "../eusci_b_i2c_ex1_masterRxMultiple.c"
Invoking: MSP430 Compiler
"/home/vityha/ti/ccs1100/ccs/tools/compiler/ti-cgt-msp430_21.6.0.LTS/bin/cl430" -vmspx --use_hw_mpy=none --include_path="/home/vityha/ti/ccs1100/ccs/ccs_base/msp430/include" --include_path="/home/vityha/POC/msp_workshop/FR4133_fram/workspace/eusci_b_i2c_ex1_masterRxMultiple" --include_path="/home/vityha/POC/msp_workshop/FR4133_fram/workspace/eusci_b_i2c_ex1_masterRxMultiple/driverlib/MSP430FR2xx_4xx" --include_path="/home/vityha/ti/ccs1100/ccs/tools/compiler/ti-cgt-msp430_21.6.0.LTS/include" --advice:power="none" --advice:hw_config=all --define=__MSP430FR4133__ --define=DEPRECATED -g --printf_support=minimal --diag_warning=225 --diag_wrap=off --display_error_number --silicon_errata=CPU21 --silicon_errata=CPU22 --silicon_errata=CPU40 --preproc_with_compile --preproc_dependency="eusci_b_i2c_ex1_masterRxMultiple.d_raw"  "../eusci_b_i2c_ex1_masterRxMultiple.c"
Finished building: "../eusci_b_i2c_ex1_masterRxMultiple.c"
 
Building file: "../driverlib/MSP430FR2xx_4xx/adc.c"
Invoking: MSP430 Compiler
"/home/vityha/ti/ccs1100/ccs/tools/compiler/ti-cgt-msp430_21.6.0.LTS/bin/cl430" -vmspx --use_hw_mpy=none --include_path="/home/vityha/ti/ccs1100/ccs/ccs_base/msp430/include" --include_path="/home/vityha/POC/msp_workshop/FR4133_fram/workspace/eusci_b_i2c_ex1_masterRxMultiple" --include_path="/home/vityha/POC/msp_workshop/FR4133_fram/workspace/eusci_b_i2c_ex1_masterRxMultiple/driverlib/MSP430FR2xx_4xx" --include_path="/home/vityha/ti/ccs1100/ccs/tools/compiler/ti-cgt-msp430_21.6.0.LTS/include" --advice:power="none" --advice:hw_config=all --define=__MSP430FR4133__ --define=DEPRECATED -g --printf_support=minimal --diag_warning=225 --diag_wrap=off --display_error_number --silicon_errata=CPU21 --silicon_errata=CPU22 --silicon_errata=CPU40 --preproc_with_compile --preproc_dependency="driverlib/MSP430FR2xx_4xx/adc.d_raw" --obj_directory="driverlib/MSP430FR2xx_4xx"  "../driverlib/MSP430FR2xx_4xx/adc.c"
Finished building: "../driverlib/MSP430FR2xx_4xx/adc.c"
 
Building file: "../driverlib/MSP430FR2xx_4xx/eusci_a_spi.c"
Invoking: MSP430 Compiler
"/home/vityha/ti/ccs1100/ccs/tools/compiler/ti-cgt-msp430_21.6.0.LTS/bin/cl430" -vmspx --use_hw_mpy=none --include_path="/home/vityha/ti/ccs1100/ccs/ccs_base/msp430/include" --include_path="/home/vityha/POC/msp_workshop/FR4133_fram/workspace/eusci_b_i2c_ex1_masterRxMultiple" --include_path="/home/vityha/POC/msp_workshop/FR4133_fram/workspace/eusci_b_i2c_ex1_masterRxMultiple/driverlib/MSP430FR2xx_4xx" --include_path="/home/vityha/ti/ccs1100/ccs/tools/compiler/ti-cgt-msp430_21.6.0.LTS/include" --advice:power="none" --advice:hw_config=all --define=__MSP430FR4133__ --define=DEPRECATED -g --printf_support=minimal --diag_warning=225 --diag_wrap=off --display_error_number --silicon_errata=CPU21 --silicon_errata=CPU22 --silicon_errata=CPU40 --preproc_with_compile --preproc_dependency="driverlib/MSP430FR2xx_4xx/eusci_a_spi.d_raw" --obj_directory="driverlib/MSP430FR2xx_4xx"  "../driverlib/MSP430FR2xx_4xx/eusci_a_spi.c"
Finished building: "../driverlib/MSP430FR2xx_4xx/eusci_a_spi.c"
 
Building file: "../driverlib/MSP430FR2xx_4xx/eusci_b_spi.c"
Invoking: MSP430 Compiler
"/home/vityha/ti/ccs1100/ccs/tools/compiler/ti-cgt-msp430_21.6.0.LTS/bin/cl430" -vmspx --use_hw_mpy=none --include_path="/home/vityha/ti/ccs1100/ccs/ccs_base/msp430/include" --include_path="/home/vityha/POC/msp_workshop/FR4133_fram/workspace/eusci_b_i2c_ex1_masterRxMultiple" --include_path="/home/vityha/POC/msp_workshop/FR4133_fram/workspace/eusci_b_i2c_ex1_masterRxMultiple/driverlib/MSP430FR2xx_4xx" --include_path="/home/vityha/ti/ccs1100/ccs/tools/compiler/ti-cgt-msp430_21.6.0.LTS/include" --advice:power="none" --advice:hw_config=all --define=__MSP430FR4133__ --define=DEPRECATED -g --printf_support=minimal --diag_warning=225 --diag_wrap=off --display_error_number --silicon_errata=CPU21 --silicon_errata=CPU22 --silicon_errata=CPU40 --preproc_with_compile --preproc_dependency="driverlib/MSP430FR2xx_4xx/eusci_b_spi.d_raw" --obj_directory="driverlib/MSP430FR2xx_4xx"  "../driverlib/MSP430FR2xx_4xx/eusci_b_spi.c"
Finished building: "../driverlib/MSP430FR2xx_4xx/eusci_b_spi.c"
 
Building file: "../driverlib/MSP430FR2xx_4xx/framctl.c"
Invoking: MSP430 Compiler
"/home/vityha/ti/ccs1100/ccs/tools/compiler/ti-cgt-msp430_21.6.0.LTS/bin/cl430" -vmspx --use_hw_mpy=none --include_path="/home/vityha/ti/ccs1100/ccs/ccs_base/msp430/include" --include_path="/home/vityha/POC/msp_workshop/FR4133_fram/workspace/eusci_b_i2c_ex1_masterRxMultiple" --include_path="/home/vityha/POC/msp_workshop/FR4133_fram/workspace/eusci_b_i2c_ex1_masterRxMultiple/driverlib/MSP430FR2xx_4xx" --include_path="/home/vityha/ti/ccs1100/ccs/tools/compiler/ti-cgt-msp430_21.6.0.LTS/include" --advice:power="none" --advice:hw_config=all --define=__MSP430FR4133__ --define=DEPRECATED -g --printf_support=minimal --diag_warning=225 --diag_wrap=off --display_error_number --silicon_errata=CPU21 --silicon_errata=CPU22 --silicon_errata=CPU40 --preproc_with_compile --preproc_dependency="driverlib/MSP430FR2xx_4xx/framctl.d_raw" --obj_directory="driverlib/MSP430FR2xx_4xx"  "../driverlib/MSP430FR2xx_4xx/framctl.c"
Finished building: "../driverlib/MSP430FR2xx_4xx/framctl.c"
 
Building file: "../driverlib/MSP430FR2xx_4xx/eusci_a_uart.c"
Invoking: MSP430 Compiler
"/home/vityha/ti/ccs1100/ccs/tools/compiler/ti-cgt-msp430_21.6.0.LTS/bin/cl430" -vmspx --use_hw_mpy=none --include_path="/home/vityha/ti/ccs1100/ccs/ccs_base/msp430/include" --include_path="/home/vityha/POC/msp_workshop/FR4133_fram/workspace/eusci_b_i2c_ex1_masterRxMultiple" --include_path="/home/vityha/POC/msp_workshop/FR4133_fram/workspace/eusci_b_i2c_ex1_masterRxMultiple/driverlib/MSP430FR2xx_4xx" --include_path="/home/vityha/ti/ccs1100/ccs/tools/compiler/ti-cgt-msp430_21.6.0.LTS/include" --advice:power="none" --advice:hw_config=all --define=__MSP430FR4133__ --define=DEPRECATED -g --printf_support=minimal --diag_warning=225 --diag_wrap=off --display_error_number --silicon_errata=CPU21 --silicon_errata=CPU22 --silicon_errata=CPU40 --preproc_with_compile --preproc_dependency="driverlib/MSP430FR2xx_4xx/eusci_a_uart.d_raw" --obj_directory="driverlib/MSP430FR2xx_4xx"  "../driverlib/MSP430FR2xx_4xx/eusci_a_uart.c"
Finished building: "../driverlib/MSP430FR2xx_4xx/eusci_a_uart.c"
 
Building file: "../driverlib/MSP430FR2xx_4xx/icc.c"
Invoking: MSP430 Compiler
"/home/vityha/ti/ccs1100/ccs/tools/compiler/ti-cgt-msp430_21.6.0.LTS/bin/cl430" -vmspx --use_hw_mpy=none --include_path="/home/vityha/ti/ccs1100/ccs/ccs_base/msp430/include" --include_path="/home/vityha/POC/msp_workshop/FR4133_fram/workspace/eusci_b_i2c_ex1_masterRxMultiple" --include_path="/home/vityha/POC/msp_workshop/FR4133_fram/workspace/eusci_b_i2c_ex1_masterRxMultiple/driverlib/MSP430FR2xx_4xx" --include_path="/home/vityha/ti/ccs1100/ccs/tools/compiler/ti-cgt-msp430_21.6.0.LTS/include" --advice:power="none" --advice:hw_config=all --define=__MSP430FR4133__ --define=DEPRECATED -g --printf_support=minimal --diag_warning=225 --diag_wrap=off --display_error_number --silicon_errata=CPU21 --silicon_errata=CPU22 --silicon_errata=CPU40 --preproc_with_compile --preproc_dependency="driverlib/MSP430FR2xx_4xx/icc.d_raw" --obj_directory="driverlib/MSP430FR2xx_4xx"  "../driverlib/MSP430FR2xx_4xx/icc.c"
Finished building: "../driverlib/MSP430FR2xx_4xx/icc.c"
 
Building file: "../driverlib/MSP430FR2xx_4xx/mpy32.c"
Invoking: MSP430 Compiler
"/home/vityha/ti/ccs1100/ccs/tools/compiler/ti-cgt-msp430_21.6.0.LTS/bin/cl430" -vmspx --use_hw_mpy=none --include_path="/home/vityha/ti/ccs1100/ccs/ccs_base/msp430/include" --include_path="/home/vityha/POC/msp_workshop/FR4133_fram/workspace/eusci_b_i2c_ex1_masterRxMultiple" --include_path="/home/vityha/POC/msp_workshop/FR4133_fram/workspace/eusci_b_i2c_ex1_masterRxMultiple/driverlib/MSP430FR2xx_4xx" --include_path="/home/vityha/ti/ccs1100/ccs/tools/compiler/ti-cgt-msp430_21.6.0.LTS/include" --advice:power="none" --advice:hw_config=all --define=__MSP430FR4133__ --define=DEPRECATED -g --printf_support=minimal --diag_warning=225 --diag_wrap=off --display_error_number --silicon_errata=CPU21 --silicon_errata=CPU22 --silicon_errata=CPU40 --preproc_with_compile --preproc_dependency="driverlib/MSP430FR2xx_4xx/mpy32.d_raw" --obj_directory="driverlib/MSP430FR2xx_4xx"  "../driverlib/MSP430FR2xx_4xx/mpy32.c"
Finished building: "../driverlib/MSP430FR2xx_4xx/mpy32.c"
 
Building file: "../driverlib/MSP430FR2xx_4xx/gpio.c"
Invoking: MSP430 Compiler
"/home/vityha/ti/ccs1100/ccs/tools/compiler/ti-cgt-msp430_21.6.0.LTS/bin/cl430" -vmspx --use_hw_mpy=none --include_path="/home/vityha/ti/ccs1100/ccs/ccs_base/msp430/include" --include_path="/home/vityha/POC/msp_workshop/FR4133_fram/workspace/eusci_b_i2c_ex1_masterRxMultiple" --include_path="/home/vityha/POC/msp_workshop/FR4133_fram/workspace/eusci_b_i2c_ex1_masterRxMultiple/driverlib/MSP430FR2xx_4xx" --include_path="/home/vityha/ti/ccs1100/ccs/tools/compiler/ti-cgt-msp430_21.6.0.LTS/include" --advice:power="none" --advice:hw_config=all --define=__MSP430FR4133__ --define=DEPRECATED -g --printf_support=minimal --diag_warning=225 --diag_wrap=off --display_error_number --silicon_errata=CPU21 --silicon_errata=CPU22 --silicon_errata=CPU40 --preproc_with_compile --preproc_dependency="driverlib/MSP430FR2xx_4xx/gpio.d_raw" --obj_directory="driverlib/MSP430FR2xx_4xx"  "../driverlib/MSP430FR2xx_4xx/gpio.c"
Finished building: "../driverlib/MSP430FR2xx_4xx/gpio.c"
 
Building file: "../driverlib/MSP430FR2xx_4xx/sac.c"
Invoking: MSP430 Compiler
"/home/vityha/ti/ccs1100/ccs/tools/compiler/ti-cgt-msp430_21.6.0.LTS/bin/cl430" -vmspx --use_hw_mpy=none --include_path="/home/vityha/ti/ccs1100/ccs/ccs_base/msp430/include" --include_path="/home/vityha/POC/msp_workshop/FR4133_fram/workspace/eusci_b_i2c_ex1_masterRxMultiple" --include_path="/home/vityha/POC/msp_workshop/FR4133_fram/workspace/eusci_b_i2c_ex1_masterRxMultiple/driverlib/MSP430FR2xx_4xx" --include_path="/home/vityha/ti/ccs1100/ccs/tools/compiler/ti-cgt-msp430_21.6.0.LTS/include" --advice:power="none" --advice:hw_config=all --define=__MSP430FR4133__ --define=DEPRECATED -g --printf_support=minimal --diag_warning=225 --diag_wrap=off --display_error_number --silicon_errata=CPU21 --silicon_errata=CPU22 --silicon_errata=CPU40 --preproc_with_compile --preproc_dependency="driverlib/MSP430FR2xx_4xx/sac.d_raw" --obj_directory="driverlib/MSP430FR2xx_4xx"  "../driverlib/MSP430FR2xx_4xx/sac.c"
Finished building: "../driverlib/MSP430FR2xx_4xx/sac.c"
 
Building file: "../driverlib/MSP430FR2xx_4xx/eusci_b_i2c.c"
Invoking: MSP430 Compiler
"/home/vityha/ti/ccs1100/ccs/tools/compiler/ti-cgt-msp430_21.6.0.LTS/bin/cl430" -vmspx --use_hw_mpy=none --include_path="/home/vityha/ti/ccs1100/ccs/ccs_base/msp430/include" --include_path="/home/vityha/POC/msp_workshop/FR4133_fram/workspace/eusci_b_i2c_ex1_masterRxMultiple" --include_path="/home/vityha/POC/msp_workshop/FR4133_fram/workspace/eusci_b_i2c_ex1_masterRxMultiple/driverlib/MSP430FR2xx_4xx" --include_path="/home/vityha/ti/ccs1100/ccs/tools/compiler/ti-cgt-msp430_21.6.0.LTS/include" --advice:power="none" --advice:hw_config=all --define=__MSP430FR4133__ --define=DEPRECATED -g --printf_support=minimal --diag_warning=225 --diag_wrap=off --display_error_number --silicon_errata=CPU21 --silicon_errata=CPU22 --silicon_errata=CPU40 --preproc_with_compile --preproc_dependency="driverlib/MSP430FR2xx_4xx/eusci_b_i2c.d_raw" --obj_directory="driverlib/MSP430FR2xx_4xx"  "../driverlib/MSP430FR2xx_4xx/eusci_b_i2c.c"
Finished building: "../driverlib/MSP430FR2xx_4xx/eusci_b_i2c.c"
 
Building file: "../driverlib/MSP430FR2xx_4xx/cs.c"
Invoking: MSP430 Compiler
"/home/vityha/ti/ccs1100/ccs/tools/compiler/ti-cgt-msp430_21.6.0.LTS/bin/cl430" -vmspx --use_hw_mpy=none --include_path="/home/vityha/ti/ccs1100/ccs/ccs_base/msp430/include" --include_path="/home/vityha/POC/msp_workshop/FR4133_fram/workspace/eusci_b_i2c_ex1_masterRxMultiple" --include_path="/home/vityha/POC/msp_workshop/FR4133_fram/workspace/eusci_b_i2c_ex1_masterRxMultiple/driverlib/MSP430FR2xx_4xx" --include_path="/home/vityha/ti/ccs1100/ccs/tools/compiler/ti-cgt-msp430_21.6.0.LTS/include" --advice:power="none" --advice:hw_config=all --define=__MSP430FR4133__ --define=DEPRECATED -g --printf_support=minimal --diag_warning=225 --diag_wrap=off --display_error_number --silicon_errata=CPU21 --silicon_errata=CPU22 --silicon_errata=CPU40 --preproc_with_compile --preproc_dependency="driverlib/MSP430FR2xx_4xx/cs.d_raw" --obj_directory="driverlib/MSP430FR2xx_4xx"  "../driverlib/MSP430FR2xx_4xx/cs.c"
Finished building: "../driverlib/MSP430FR2xx_4xx/cs.c"
 
Building file: "../driverlib/MSP430FR2xx_4xx/pmm.c"
Invoking: MSP430 Compiler
"/home/vityha/ti/ccs1100/ccs/tools/compiler/ti-cgt-msp430_21.6.0.LTS/bin/cl430" -vmspx --use_hw_mpy=none --include_path="/home/vityha/ti/ccs1100/ccs/ccs_base/msp430/include" --include_path="/home/vityha/POC/msp_workshop/FR4133_fram/workspace/eusci_b_i2c_ex1_masterRxMultiple" --include_path="/home/vityha/POC/msp_workshop/FR4133_fram/workspace/eusci_b_i2c_ex1_masterRxMultiple/driverlib/MSP430FR2xx_4xx" --include_path="/home/vityha/ti/ccs1100/ccs/tools/compiler/ti-cgt-msp430_21.6.0.LTS/include" --advice:power="none" --advice:hw_config=all --define=__MSP430FR4133__ --define=DEPRECATED -g --printf_support=minimal --diag_warning=225 --diag_wrap=off --display_error_number --silicon_errata=CPU21 --silicon_errata=CPU22 --silicon_errata=CPU40 --preproc_with_compile --preproc_dependency="driverlib/MSP430FR2xx_4xx/pmm.d_raw" --obj_directory="driverlib/MSP430FR2xx_4xx"  "../driverlib/MSP430FR2xx_4xx/pmm.c"
Finished building: "../driverlib/MSP430FR2xx_4xx/pmm.c"
 
Building file: "../driverlib/MSP430FR2xx_4xx/rtc.c"
Invoking: MSP430 Compiler
"/home/vityha/ti/ccs1100/ccs/tools/compiler/ti-cgt-msp430_21.6.0.LTS/bin/cl430" -vmspx --use_hw_mpy=none --include_path="/home/vityha/ti/ccs1100/ccs/ccs_base/msp430/include" --include_path="/home/vityha/POC/msp_workshop/FR4133_fram/workspace/eusci_b_i2c_ex1_masterRxMultiple" --include_path="/home/vityha/POC/msp_workshop/FR4133_fram/workspace/eusci_b_i2c_ex1_masterRxMultiple/driverlib/MSP430FR2xx_4xx" --include_path="/home/vityha/ti/ccs1100/ccs/tools/compiler/ti-cgt-msp430_21.6.0.LTS/include" --advice:power="none" --advice:hw_config=all --define=__MSP430FR4133__ --define=DEPRECATED -g --printf_support=minimal --diag_warning=225 --diag_wrap=off --display_error_number --silicon_errata=CPU21 --silicon_errata=CPU22 --silicon_errata=CPU40 --preproc_with_compile --preproc_dependency="driverlib/MSP430FR2xx_4xx/rtc.d_raw" --obj_directory="driverlib/MSP430FR2xx_4xx"  "../driverlib/MSP430FR2xx_4xx/rtc.c"
Finished building: "../driverlib/MSP430FR2xx_4xx/rtc.c"
 
Building file: "../driverlib/MSP430FR2xx_4xx/tia.c"
Invoking: MSP430 Compiler
"/home/vityha/ti/ccs1100/ccs/tools/compiler/ti-cgt-msp430_21.6.0.LTS/bin/cl430" -vmspx --use_hw_mpy=none --include_path="/home/vityha/ti/ccs1100/ccs/ccs_base/msp430/include" --include_path="/home/vityha/POC/msp_workshop/FR4133_fram/workspace/eusci_b_i2c_ex1_masterRxMultiple" --include_path="/home/vityha/POC/msp_workshop/FR4133_fram/workspace/eusci_b_i2c_ex1_masterRxMultiple/driverlib/MSP430FR2xx_4xx" --include_path="/home/vityha/ti/ccs1100/ccs/tools/compiler/ti-cgt-msp430_21.6.0.LTS/include" --advice:power="none" --advice:hw_config=all --define=__MSP430FR4133__ --define=DEPRECATED -g --printf_support=minimal --diag_warning=225 --diag_wrap=off --display_error_number --silicon_errata=CPU21 --silicon_errata=CPU22 --silicon_errata=CPU40 --preproc_with_compile --preproc_dependency="driverlib/MSP430FR2xx_4xx/tia.d_raw" --obj_directory="driverlib/MSP430FR2xx_4xx"  "../driverlib/MSP430FR2xx_4xx/tia.c"
Finished building: "../driverlib/MSP430FR2xx_4xx/tia.c"
 
Building file: "../driverlib/MSP430FR2xx_4xx/sfr.c"
Invoking: MSP430 Compiler
"/home/vityha/ti/ccs1100/ccs/tools/compiler/ti-cgt-msp430_21.6.0.LTS/bin/cl430" -vmspx --use_hw_mpy=none --include_path="/home/vityha/ti/ccs1100/ccs/ccs_base/msp430/include" --include_path="/home/vityha/POC/msp_workshop/FR4133_fram/workspace/eusci_b_i2c_ex1_masterRxMultiple" --include_path="/home/vityha/POC/msp_workshop/FR4133_fram/workspace/eusci_b_i2c_ex1_masterRxMultiple/driverlib/MSP430FR2xx_4xx" --include_path="/home/vityha/ti/ccs1100/ccs/tools/compiler/ti-cgt-msp430_21.6.0.LTS/include" --advice:power="none" --advice:hw_config=all --define=__MSP430FR4133__ --define=DEPRECATED -g --printf_support=minimal --diag_warning=225 --diag_wrap=off --display_error_number --silicon_errata=CPU21 --silicon_errata=CPU22 --silicon_errata=CPU40 --preproc_with_compile --preproc_dependency="driverlib/MSP430FR2xx_4xx/sfr.d_raw" --obj_directory="driverlib/MSP430FR2xx_4xx"  "../driverlib/MSP430FR2xx_4xx/sfr.c"
Finished building: "../driverlib/MSP430FR2xx_4xx/sfr.c"
 
Building file: "../driverlib/MSP430FR2xx_4xx/timer_b.c"
Invoking: MSP430 Compiler
"/home/vityha/ti/ccs1100/ccs/tools/compiler/ti-cgt-msp430_21.6.0.LTS/bin/cl430" -vmspx --use_hw_mpy=none --include_path="/home/vityha/ti/ccs1100/ccs/ccs_base/msp430/include" --include_path="/home/vityha/POC/msp_workshop/FR4133_fram/workspace/eusci_b_i2c_ex1_masterRxMultiple" --include_path="/home/vityha/POC/msp_workshop/FR4133_fram/workspace/eusci_b_i2c_ex1_masterRxMultiple/driverlib/MSP430FR2xx_4xx" --include_path="/home/vityha/ti/ccs1100/ccs/tools/compiler/ti-cgt-msp430_21.6.0.LTS/include" --advice:power="none" --advice:hw_config=all --define=__MSP430FR4133__ --define=DEPRECATED -g --printf_support=minimal --diag_warning=225 --diag_wrap=off --display_error_number --silicon_errata=CPU21 --silicon_errata=CPU22 --silicon_errata=CPU40 --preproc_with_compile --preproc_dependency="driverlib/MSP430FR2xx_4xx/timer_b.d_raw" --obj_directory="driverlib/MSP430FR2xx_4xx"  "../driverlib/MSP430FR2xx_4xx/timer_b.c"
Finished building: "../driverlib/MSP430FR2xx_4xx/timer_b.c"
 
Building file: "../driverlib/MSP430FR2xx_4xx/sysctl.c"
Invoking: MSP430 Compiler
"/home/vityha/ti/ccs1100/ccs/tools/compiler/ti-cgt-msp430_21.6.0.LTS/bin/cl430" -vmspx --use_hw_mpy=none --include_path="/home/vityha/ti/ccs1100/ccs/ccs_base/msp430/include" --include_path="/home/vityha/POC/msp_workshop/FR4133_fram/workspace/eusci_b_i2c_ex1_masterRxMultiple" --include_path="/home/vityha/POC/msp_workshop/FR4133_fram/workspace/eusci_b_i2c_ex1_masterRxMultiple/driverlib/MSP430FR2xx_4xx" --include_path="/home/vityha/ti/ccs1100/ccs/tools/compiler/ti-cgt-msp430_21.6.0.LTS/include" --advice:power="none" --advice:hw_config=all --define=__MSP430FR4133__ --define=DEPRECATED -g --printf_support=minimal --diag_warning=225 --diag_wrap=off --display_error_number --silicon_errata=CPU21 --silicon_errata=CPU22 --silicon_errata=CPU40 --preproc_with_compile --preproc_dependency="driverlib/MSP430FR2xx_4xx/sysctl.d_raw" --obj_directory="driverlib/MSP430FR2xx_4xx"  "../driverlib/MSP430FR2xx_4xx/sysctl.c"
Finished building: "../driverlib/MSP430FR2xx_4xx/sysctl.c"
 
Building file: "../driverlib/MSP430FR2xx_4xx/wdt_a.c"
Invoking: MSP430 Compiler
"/home/vityha/ti/ccs1100/ccs/tools/compiler/ti-cgt-msp430_21.6.0.LTS/bin/cl430" -vmspx --use_hw_mpy=none --include_path="/home/vityha/ti/ccs1100/ccs/ccs_base/msp430/include" --include_path="/home/vityha/POC/msp_workshop/FR4133_fram/workspace/eusci_b_i2c_ex1_masterRxMultiple" --include_path="/home/vityha/POC/msp_workshop/FR4133_fram/workspace/eusci_b_i2c_ex1_masterRxMultiple/driverlib/MSP430FR2xx_4xx" --include_path="/home/vityha/ti/ccs1100/ccs/tools/compiler/ti-cgt-msp430_21.6.0.LTS/include" --advice:power="none" --advice:hw_config=all --define=__MSP430FR4133__ --define=DEPRECATED -g --printf_support=minimal --diag_warning=225 --diag_wrap=off --display_error_number --silicon_errata=CPU21 --silicon_errata=CPU22 --silicon_errata=CPU40 --preproc_with_compile --preproc_dependency="driverlib/MSP430FR2xx_4xx/wdt_a.d_raw" --obj_directory="driverlib/MSP430FR2xx_4xx"  "../driverlib/MSP430FR2xx_4xx/wdt_a.c"
Finished building: "../driverlib/MSP430FR2xx_4xx/wdt_a.c"
 
Building file: "../driverlib/MSP430FR2xx_4xx/lcd_e.c"
Invoking: MSP430 Compiler
"/home/vityha/ti/ccs1100/ccs/tools/compiler/ti-cgt-msp430_21.6.0.LTS/bin/cl430" -vmspx --use_hw_mpy=none --include_path="/home/vityha/ti/ccs1100/ccs/ccs_base/msp430/include" --include_path="/home/vityha/POC/msp_workshop/FR4133_fram/workspace/eusci_b_i2c_ex1_masterRxMultiple" --include_path="/home/vityha/POC/msp_workshop/FR4133_fram/workspace/eusci_b_i2c_ex1_masterRxMultiple/driverlib/MSP430FR2xx_4xx" --include_path="/home/vityha/ti/ccs1100/ccs/tools/compiler/ti-cgt-msp430_21.6.0.LTS/include" --advice:power="none" --advice:hw_config=all --define=__MSP430FR4133__ --define=DEPRECATED -g --printf_support=minimal --diag_warning=225 --diag_wrap=off --display_error_number --silicon_errata=CPU21 --silicon_errata=CPU22 --silicon_errata=CPU40 --preproc_with_compile --preproc_dependency="driverlib/MSP430FR2xx_4xx/lcd_e.d_raw" --obj_directory="driverlib/MSP430FR2xx_4xx"  "../driverlib/MSP430FR2xx_4xx/lcd_e.c"
Finished building: "../driverlib/MSP430FR2xx_4xx/lcd_e.c"
 
Building file: "../driverlib/MSP430FR2xx_4xx/tlv.c"
Invoking: MSP430 Compiler
"/home/vityha/ti/ccs1100/ccs/tools/compiler/ti-cgt-msp430_21.6.0.LTS/bin/cl430" -vmspx --use_hw_mpy=none --include_path="/home/vityha/ti/ccs1100/ccs/ccs_base/msp430/include" --include_path="/home/vityha/POC/msp_workshop/FR4133_fram/workspace/eusci_b_i2c_ex1_masterRxMultiple" --include_path="/home/vityha/POC/msp_workshop/FR4133_fram/workspace/eusci_b_i2c_ex1_masterRxMultiple/driverlib/MSP430FR2xx_4xx" --include_path="/home/vityha/ti/ccs1100/ccs/tools/compiler/ti-cgt-msp430_21.6.0.LTS/include" --advice:power="none" --advice:hw_config=all --define=__MSP430FR4133__ --define=DEPRECATED -g --printf_support=minimal --diag_warning=225 --diag_wrap=off --display_error_number --silicon_errata=CPU21 --silicon_errata=CPU22 --silicon_errata=CPU40 --preproc_with_compile --preproc_dependency="driverlib/MSP430FR2xx_4xx/tlv.d_raw" --obj_directory="driverlib/MSP430FR2xx_4xx"  "../driverlib/MSP430FR2xx_4xx/tlv.c"
Finished building: "../driverlib/MSP430FR2xx_4xx/tlv.c"
 
Building file: "../driverlib/MSP430FR2xx_4xx/timer_a.c"
Invoking: MSP430 Compiler
"/home/vityha/ti/ccs1100/ccs/tools/compiler/ti-cgt-msp430_21.6.0.LTS/bin/cl430" -vmspx --use_hw_mpy=none --include_path="/home/vityha/ti/ccs1100/ccs/ccs_base/msp430/include" --include_path="/home/vityha/POC/msp_workshop/FR4133_fram/workspace/eusci_b_i2c_ex1_masterRxMultiple" --include_path="/home/vityha/POC/msp_workshop/FR4133_fram/workspace/eusci_b_i2c_ex1_masterRxMultiple/driverlib/MSP430FR2xx_4xx" --include_path="/home/vityha/ti/ccs1100/ccs/tools/compiler/ti-cgt-msp430_21.6.0.LTS/include" --advice:power="none" --advice:hw_config=all --define=__MSP430FR4133__ --define=DEPRECATED -g --printf_support=minimal --diag_warning=225 --diag_wrap=off --display_error_number --silicon_errata=CPU21 --silicon_errata=CPU22 --silicon_errata=CPU40 --preproc_with_compile --preproc_dependency="driverlib/MSP430FR2xx_4xx/timer_a.d_raw" --obj_directory="driverlib/MSP430FR2xx_4xx"  "../driverlib/MSP430FR2xx_4xx/timer_a.c"
Finished building: "../driverlib/MSP430FR2xx_4xx/timer_a.c"
 
Building target: "eusci_b_i2c_ex1_masterRxMultiple.out"
Invoking: MSP430 Linker
"/home/vityha/ti/ccs1100/ccs/tools/compiler/ti-cgt-msp430_21.6.0.LTS/bin/cl430" -vmspx --use_hw_mpy=none --advice:power="none" --advice:hw_config=all --define=__MSP430FR4133__ --define=DEPRECATED -g --printf_support=minimal --diag_warning=225 --diag_wrap=off --display_error_number --silicon_errata=CPU21 --silicon_errata=CPU22 --silicon_errata=CPU40 -z -m"eusci_b_i2c_ex1_masterRxMultiple.map" --heap_size=160 --stack_size=160 --cinit_hold_wdt=on -i"/home/vityha/ti/ccs1100/ccs/ccs_base/msp430/include" -i"/home/vityha/ti/ccs1100/ccs/tools/compiler/ti-cgt-msp430_21.6.0.LTS/lib" -i"/home/vityha/ti/ccs1100/ccs/tools/compiler/ti-cgt-msp430_21.6.0.LTS/include" --reread_libs --diag_wrap=off --display_error_number --warn_sections --xml_link_info="eusci_b_i2c_ex1_masterRxMultiple_linkInfo.xml" --use_hw_mpy=none --rom_model -o "eusci_b_i2c_ex1_masterRxMultiple.out" "./eusci_b_i2c_ex1_masterRxMultiple.obj" "./driverlib/MSP430FR2xx_4xx/adc.obj" "./driverlib/MSP430FR2xx_4xx/crc.obj" "./driverlib/MSP430FR2xx_4xx/cs.obj" "./driverlib/MSP430FR2xx_4xx/ecomp.obj" "./driverlib/MSP430FR2xx_4xx/eusci_a_spi.obj" "./driverlib/MSP430FR2xx_4xx/eusci_a_uart.obj" "./driverlib/MSP430FR2xx_4xx/eusci_b_i2c.obj" "./driverlib/MSP430FR2xx_4xx/eusci_b_spi.obj" "./driverlib/MSP430FR2xx_4xx/framctl.obj" "./driverlib/MSP430FR2xx_4xx/gpio.obj" "./driverlib/MSP430FR2xx_4xx/icc.obj" "./driverlib/MSP430FR2xx_4xx/lcd_e.obj" "./driverlib/MSP430FR2xx_4xx/mpy32.obj" "./driverlib/MSP430FR2xx_4xx/pmm.obj" "./driverlib/MSP430FR2xx_4xx/rtc.obj" "./driverlib/MSP430FR2xx_4xx/sac.obj" "./driverlib/MSP430FR2xx_4xx/sfr.obj" "./driverlib/MSP430FR2xx_4xx/sysctl.obj" "./driverlib/MSP430FR2xx_4xx/tia.obj" "./driverlib/MSP430FR2xx_4xx/timer_a.obj" "./driverlib/MSP430FR2xx_4xx/timer_b.obj" "./driverlib/MSP430FR2xx_4xx/tlv.obj" "./driverlib/MSP430FR2xx_4xx/wdt_a.obj" "../lnk_msp430fr4133.cmd"  -llibc.a 
<Linking>
Finished building target: "eusci_b_i2c_ex1_masterRxMultiple.out"
 

**** Build Finished ****
