
**** Build of configuration Debug for project lab_03a_gpio ****

/home/vityha/ti/ccs1100/ccs/utils/bin/gmake -k -j 6 all -O 
 
Building file: "../msp430ware_3_80_14_01/driverlib/driverlib/MSP430FR2xx_4xx/crc.c"
Invoking: MSP430 Compiler
"/home/vityha/ti/ccs1100/ccs/tools/compiler/ti-cgt-msp430_21.6.0.LTS/bin/cl430" -vmspx --code_model=small --use_hw_mpy=F5 --include_path="/home/vityha/ti/ccs1100/ccs/ccs_base/msp430/include" --include_path="/home/vityha/POC/msp_workshop/FR4133_fram/workspace/lab_03a_gpio/msp430ware_3_80_14_01/driverlib/driverlib/MSP430FR2xx_4xx" --include_path="/home/vityha/POC/msp_workshop/FR4133_fram/workspace/lab_03a_gpio" --include_path="/home/vityha/ti/ccs1100/ccs/tools/compiler/ti-cgt-msp430_21.6.0.LTS/include" --advice:power=all --advice:hw_config=all --define=__MSP430FR2433__ -g --printf_support=minimal --diag_warning=225 --diag_wrap=off --display_error_number --silicon_errata=CPU21 --silicon_errata=CPU22 --silicon_errata=CPU40 --preproc_with_compile --preproc_dependency="msp430ware_3_80_14_01/driverlib/driverlib/MSP430FR2xx_4xx/crc.d_raw" --obj_directory="msp430ware_3_80_14_01/driverlib/driverlib/MSP430FR2xx_4xx"  "../msp430ware_3_80_14_01/driverlib/driverlib/MSP430FR2xx_4xx/crc.c"
Finished building: "../msp430ware_3_80_14_01/driverlib/driverlib/MSP430FR2xx_4xx/crc.c"
 
Building file: "../msp430ware_3_80_14_01/driverlib/driverlib/MSP430FR2xx_4xx/ecomp.c"
Invoking: MSP430 Compiler
"/home/vityha/ti/ccs1100/ccs/tools/compiler/ti-cgt-msp430_21.6.0.LTS/bin/cl430" -vmspx --code_model=small --use_hw_mpy=F5 --include_path="/home/vityha/ti/ccs1100/ccs/ccs_base/msp430/include" --include_path="/home/vityha/POC/msp_workshop/FR4133_fram/workspace/lab_03a_gpio/msp430ware_3_80_14_01/driverlib/driverlib/MSP430FR2xx_4xx" --include_path="/home/vityha/POC/msp_workshop/FR4133_fram/workspace/lab_03a_gpio" --include_path="/home/vityha/ti/ccs1100/ccs/tools/compiler/ti-cgt-msp430_21.6.0.LTS/include" --advice:power=all --advice:hw_config=all --define=__MSP430FR2433__ -g --printf_support=minimal --diag_warning=225 --diag_wrap=off --display_error_number --silicon_errata=CPU21 --silicon_errata=CPU22 --silicon_errata=CPU40 --preproc_with_compile --preproc_dependency="msp430ware_3_80_14_01/driverlib/driverlib/MSP430FR2xx_4xx/ecomp.d_raw" --obj_directory="msp430ware_3_80_14_01/driverlib/driverlib/MSP430FR2xx_4xx"  "../msp430ware_3_80_14_01/driverlib/driverlib/MSP430FR2xx_4xx/ecomp.c"
Finished building: "../msp430ware_3_80_14_01/driverlib/driverlib/MSP430FR2xx_4xx/ecomp.c"
 
Building file: "../main.c"
Invoking: MSP430 Compiler
"/home/vityha/ti/ccs1100/ccs/tools/compiler/ti-cgt-msp430_21.6.0.LTS/bin/cl430" -vmspx --code_model=small --use_hw_mpy=F5 --include_path="/home/vityha/ti/ccs1100/ccs/ccs_base/msp430/include" --include_path="/home/vityha/POC/msp_workshop/FR4133_fram/workspace/lab_03a_gpio/msp430ware_3_80_14_01/driverlib/driverlib/MSP430FR2xx_4xx" --include_path="/home/vityha/POC/msp_workshop/FR4133_fram/workspace/lab_03a_gpio" --include_path="/home/vityha/ti/ccs1100/ccs/tools/compiler/ti-cgt-msp430_21.6.0.LTS/include" --advice:power=all --advice:hw_config=all --define=__MSP430FR2433__ -g --printf_support=minimal --diag_warning=225 --diag_wrap=off --display_error_number --silicon_errata=CPU21 --silicon_errata=CPU22 --silicon_errata=CPU40 --preproc_with_compile --preproc_dependency="main.d_raw"  "../main.c"
"../main.c", line 26: warning #112-D: statement is unreachable
"../main.c", line 19: remark #1527-D: (ULP 2.1) Detected SW delay loop using __delay_cycles. Recommend using a timer module instead
"../main.c", line 23: remark #1527-D: (ULP 2.1) Detected SW delay loop using __delay_cycles. Recommend using a timer module instead
Finished building: "../main.c"
 
Building file: "../msp430ware_3_80_14_01/driverlib/driverlib/MSP430FR2xx_4xx/adc.c"
Invoking: MSP430 Compiler
"/home/vityha/ti/ccs1100/ccs/tools/compiler/ti-cgt-msp430_21.6.0.LTS/bin/cl430" -vmspx --code_model=small --use_hw_mpy=F5 --include_path="/home/vityha/ti/ccs1100/ccs/ccs_base/msp430/include" --include_path="/home/vityha/POC/msp_workshop/FR4133_fram/workspace/lab_03a_gpio/msp430ware_3_80_14_01/driverlib/driverlib/MSP430FR2xx_4xx" --include_path="/home/vityha/POC/msp_workshop/FR4133_fram/workspace/lab_03a_gpio" --include_path="/home/vityha/ti/ccs1100/ccs/tools/compiler/ti-cgt-msp430_21.6.0.LTS/include" --advice:power=all --advice:hw_config=all --define=__MSP430FR2433__ -g --printf_support=minimal --diag_warning=225 --diag_wrap=off --display_error_number --silicon_errata=CPU21 --silicon_errata=CPU22 --silicon_errata=CPU40 --preproc_with_compile --preproc_dependency="msp430ware_3_80_14_01/driverlib/driverlib/MSP430FR2xx_4xx/adc.d_raw" --obj_directory="msp430ware_3_80_14_01/driverlib/driverlib/MSP430FR2xx_4xx"  "../msp430ware_3_80_14_01/driverlib/driverlib/MSP430FR2xx_4xx/adc.c"
Finished building: "../msp430ware_3_80_14_01/driverlib/driverlib/MSP430FR2xx_4xx/adc.c"
 
Building file: "../msp430ware_3_80_14_01/driverlib/driverlib/MSP430FR2xx_4xx/eusci_a_spi.c"
Invoking: MSP430 Compiler
"/home/vityha/ti/ccs1100/ccs/tools/compiler/ti-cgt-msp430_21.6.0.LTS/bin/cl430" -vmspx --code_model=small --use_hw_mpy=F5 --include_path="/home/vityha/ti/ccs1100/ccs/ccs_base/msp430/include" --include_path="/home/vityha/POC/msp_workshop/FR4133_fram/workspace/lab_03a_gpio/msp430ware_3_80_14_01/driverlib/driverlib/MSP430FR2xx_4xx" --include_path="/home/vityha/POC/msp_workshop/FR4133_fram/workspace/lab_03a_gpio" --include_path="/home/vityha/ti/ccs1100/ccs/tools/compiler/ti-cgt-msp430_21.6.0.LTS/include" --advice:power=all --advice:hw_config=all --define=__MSP430FR2433__ -g --printf_support=minimal --diag_warning=225 --diag_wrap=off --display_error_number --silicon_errata=CPU21 --silicon_errata=CPU22 --silicon_errata=CPU40 --preproc_with_compile --preproc_dependency="msp430ware_3_80_14_01/driverlib/driverlib/MSP430FR2xx_4xx/eusci_a_spi.d_raw" --obj_directory="msp430ware_3_80_14_01/driverlib/driverlib/MSP430FR2xx_4xx"  "../msp430ware_3_80_14_01/driverlib/driverlib/MSP430FR2xx_4xx/eusci_a_spi.c"
"../msp430ware_3_80_14_01/driverlib/driverlib/MSP430FR2xx_4xx/adc.c", line 141: remark #1528-D: (ULP 3.1) Detected flag polling using ADCBUSY. Recommend using an interrupt combined with enter LPMx and ISR
"../msp430ware_3_80_14_01/driverlib/driverlib/MSP430FR2xx_4xx/eusci_a_spi.c", line 38: remark #1530-D: (ULP 5.1) Detected divide operation(s). Recommend moving them to RAM during run time or not using as these are processing/power intensive
"../msp430ware_3_80_14_01/driverlib/driverlib/MSP430FR2xx_4xx/eusci_a_spi.c", line 74: remark #1530-D: (ULP 5.1) Detected divide operation(s). Recommend moving them to RAM during run time or not using as these are processing/power intensive
Finished building: "../msp430ware_3_80_14_01/driverlib/driverlib/MSP430FR2xx_4xx/eusci_a_spi.c"
 
Building file: "../msp430ware_3_80_14_01/driverlib/driverlib/MSP430FR2xx_4xx/eusci_a_uart.c"
Invoking: MSP430 Compiler
"/home/vityha/ti/ccs1100/ccs/tools/compiler/ti-cgt-msp430_21.6.0.LTS/bin/cl430" -vmspx --code_model=small --use_hw_mpy=F5 --include_path="/home/vityha/ti/ccs1100/ccs/ccs_base/msp430/include" --include_path="/home/vityha/POC/msp_workshop/FR4133_fram/workspace/lab_03a_gpio/msp430ware_3_80_14_01/driverlib/driverlib/MSP430FR2xx_4xx" --include_path="/home/vityha/POC/msp_workshop/FR4133_fram/workspace/lab_03a_gpio" --include_path="/home/vityha/ti/ccs1100/ccs/tools/compiler/ti-cgt-msp430_21.6.0.LTS/include" --advice:power=all --advice:hw_config=all --define=__MSP430FR2433__ -g --printf_support=minimal --diag_warning=225 --diag_wrap=off --display_error_number --silicon_errata=CPU21 --silicon_errata=CPU22 --silicon_errata=CPU40 --preproc_with_compile --preproc_dependency="msp430ware_3_80_14_01/driverlib/driverlib/MSP430FR2xx_4xx/eusci_a_uart.d_raw" --obj_directory="msp430ware_3_80_14_01/driverlib/driverlib/MSP430FR2xx_4xx"  "../msp430ware_3_80_14_01/driverlib/driverlib/MSP430FR2xx_4xx/eusci_a_uart.c"
Finished building: "../msp430ware_3_80_14_01/driverlib/driverlib/MSP430FR2xx_4xx/eusci_a_uart.c"
 
Building file: "../msp430ware_3_80_14_01/driverlib/driverlib/MSP430FR2xx_4xx/eusci_b_spi.c"
Invoking: MSP430 Compiler
"/home/vityha/ti/ccs1100/ccs/tools/compiler/ti-cgt-msp430_21.6.0.LTS/bin/cl430" -vmspx --code_model=small --use_hw_mpy=F5 --include_path="/home/vityha/ti/ccs1100/ccs/ccs_base/msp430/include" --include_path="/home/vityha/POC/msp_workshop/FR4133_fram/workspace/lab_03a_gpio/msp430ware_3_80_14_01/driverlib/driverlib/MSP430FR2xx_4xx" --include_path="/home/vityha/POC/msp_workshop/FR4133_fram/workspace/lab_03a_gpio" --include_path="/home/vityha/ti/ccs1100/ccs/tools/compiler/ti-cgt-msp430_21.6.0.LTS/include" --advice:power=all --advice:hw_config=all --define=__MSP430FR2433__ -g --printf_support=minimal --diag_warning=225 --diag_wrap=off --display_error_number --silicon_errata=CPU21 --silicon_errata=CPU22 --silicon_errata=CPU40 --preproc_with_compile --preproc_dependency="msp430ware_3_80_14_01/driverlib/driverlib/MSP430FR2xx_4xx/eusci_b_spi.d_raw" --obj_directory="msp430ware_3_80_14_01/driverlib/driverlib/MSP430FR2xx_4xx"  "../msp430ware_3_80_14_01/driverlib/driverlib/MSP430FR2xx_4xx/eusci_b_spi.c"
"../msp430ware_3_80_14_01/driverlib/driverlib/MSP430FR2xx_4xx/eusci_a_uart.c", line 23: remark #1535-D: (ULP 8.1) variable "retVal" is used as a constant. Recommend declaring variable as either 'static const' or 'const'
"../msp430ware_3_80_14_01/driverlib/driverlib/MSP430FR2xx_4xx/eusci_a_uart.c", line 87: remark #1528-D: (ULP 3.1) Detected flag polling using UCTXIFG. Recommend using an interrupt combined with enter LPMx and ISR
"../msp430ware_3_80_14_01/driverlib/driverlib/MSP430FR2xx_4xx/eusci_a_uart.c", line 98: remark #1528-D: (ULP 3.1) Detected flag polling using UCRXIFG. Recommend using an interrupt combined with enter LPMx and ISR
"../msp430ware_3_80_14_01/driverlib/driverlib/MSP430FR2xx_4xx/eusci_a_uart.c", line 206: remark #1528-D: (ULP 3.1) Detected flag polling using UCTXIFG. Recommend using an interrupt combined with enter LPMx and ISR
"../msp430ware_3_80_14_01/driverlib/driverlib/MSP430FR2xx_4xx/eusci_b_spi.c", line 38: remark #1530-D: (ULP 5.1) Detected divide operation(s). Recommend moving them to RAM during run time or not using as these are processing/power intensive
"../msp430ware_3_80_14_01/driverlib/driverlib/MSP430FR2xx_4xx/eusci_b_spi.c", line 72: remark #1530-D: (ULP 5.1) Detected divide operation(s). Recommend moving them to RAM during run time or not using as these are processing/power intensive
Finished building: "../msp430ware_3_80_14_01/driverlib/driverlib/MSP430FR2xx_4xx/eusci_b_spi.c"
 
Building file: "../msp430ware_3_80_14_01/driverlib/driverlib/MSP430FR2xx_4xx/icc.c"
Invoking: MSP430 Compiler
"/home/vityha/ti/ccs1100/ccs/tools/compiler/ti-cgt-msp430_21.6.0.LTS/bin/cl430" -vmspx --code_model=small --use_hw_mpy=F5 --include_path="/home/vityha/ti/ccs1100/ccs/ccs_base/msp430/include" --include_path="/home/vityha/POC/msp_workshop/FR4133_fram/workspace/lab_03a_gpio/msp430ware_3_80_14_01/driverlib/driverlib/MSP430FR2xx_4xx" --include_path="/home/vityha/POC/msp_workshop/FR4133_fram/workspace/lab_03a_gpio" --include_path="/home/vityha/ti/ccs1100/ccs/tools/compiler/ti-cgt-msp430_21.6.0.LTS/include" --advice:power=all --advice:hw_config=all --define=__MSP430FR2433__ -g --printf_support=minimal --diag_warning=225 --diag_wrap=off --display_error_number --silicon_errata=CPU21 --silicon_errata=CPU22 --silicon_errata=CPU40 --preproc_with_compile --preproc_dependency="msp430ware_3_80_14_01/driverlib/driverlib/MSP430FR2xx_4xx/icc.d_raw" --obj_directory="msp430ware_3_80_14_01/driverlib/driverlib/MSP430FR2xx_4xx"  "../msp430ware_3_80_14_01/driverlib/driverlib/MSP430FR2xx_4xx/icc.c"
Finished building: "../msp430ware_3_80_14_01/driverlib/driverlib/MSP430FR2xx_4xx/icc.c"
 
Building file: "../msp430ware_3_80_14_01/driverlib/driverlib/MSP430FR2xx_4xx/framctl.c"
Invoking: MSP430 Compiler
"/home/vityha/ti/ccs1100/ccs/tools/compiler/ti-cgt-msp430_21.6.0.LTS/bin/cl430" -vmspx --code_model=small --use_hw_mpy=F5 --include_path="/home/vityha/ti/ccs1100/ccs/ccs_base/msp430/include" --include_path="/home/vityha/POC/msp_workshop/FR4133_fram/workspace/lab_03a_gpio/msp430ware_3_80_14_01/driverlib/driverlib/MSP430FR2xx_4xx" --include_path="/home/vityha/POC/msp_workshop/FR4133_fram/workspace/lab_03a_gpio" --include_path="/home/vityha/ti/ccs1100/ccs/tools/compiler/ti-cgt-msp430_21.6.0.LTS/include" --advice:power=all --advice:hw_config=all --define=__MSP430FR2433__ -g --printf_support=minimal --diag_warning=225 --diag_wrap=off --display_error_number --silicon_errata=CPU21 --silicon_errata=CPU22 --silicon_errata=CPU40 --preproc_with_compile --preproc_dependency="msp430ware_3_80_14_01/driverlib/driverlib/MSP430FR2xx_4xx/framctl.d_raw" --obj_directory="msp430ware_3_80_14_01/driverlib/driverlib/MSP430FR2xx_4xx"  "../msp430ware_3_80_14_01/driverlib/driverlib/MSP430FR2xx_4xx/framctl.c"
"../msp430ware_3_80_14_01/driverlib/driverlib/MSP430FR2xx_4xx/framctl.c", line 29: remark #1535-D: (ULP 8.1) variable "wp" is used as a constant. Recommend declaring variable as either 'static const' or 'const'
"../msp430ware_3_80_14_01/driverlib/driverlib/MSP430FR2xx_4xx/framctl.c", line 61: remark #1535-D: (ULP 8.1) variable "wp" is used as a constant. Recommend declaring variable as either 'static const' or 'const'
"../msp430ware_3_80_14_01/driverlib/driverlib/MSP430FR2xx_4xx/framctl.c", line 93: remark #1535-D: (ULP 8.1) variable "wp" is used as a constant. Recommend declaring variable as either 'static const' or 'const'
"../msp430ware_3_80_14_01/driverlib/driverlib/MSP430FR2xx_4xx/framctl.c", line 127: remark #1535-D: (ULP 8.1) variable "wp" is used as a constant. Recommend declaring variable as either 'static const' or 'const'
Finished building: "../msp430ware_3_80_14_01/driverlib/driverlib/MSP430FR2xx_4xx/framctl.c"
 
Building file: "../msp430ware_3_80_14_01/driverlib/driverlib/MSP430FR2xx_4xx/eusci_b_i2c.c"
Invoking: MSP430 Compiler
"/home/vityha/ti/ccs1100/ccs/tools/compiler/ti-cgt-msp430_21.6.0.LTS/bin/cl430" -vmspx --code_model=small --use_hw_mpy=F5 --include_path="/home/vityha/ti/ccs1100/ccs/ccs_base/msp430/include" --include_path="/home/vityha/POC/msp_workshop/FR4133_fram/workspace/lab_03a_gpio/msp430ware_3_80_14_01/driverlib/driverlib/MSP430FR2xx_4xx" --include_path="/home/vityha/POC/msp_workshop/FR4133_fram/workspace/lab_03a_gpio" --include_path="/home/vityha/ti/ccs1100/ccs/tools/compiler/ti-cgt-msp430_21.6.0.LTS/include" --advice:power=all --advice:hw_config=all --define=__MSP430FR2433__ -g --printf_support=minimal --diag_warning=225 --diag_wrap=off --display_error_number --silicon_errata=CPU21 --silicon_errata=CPU22 --silicon_errata=CPU40 --preproc_with_compile --preproc_dependency="msp430ware_3_80_14_01/driverlib/driverlib/MSP430FR2xx_4xx/eusci_b_i2c.d_raw" --obj_directory="msp430ware_3_80_14_01/driverlib/driverlib/MSP430FR2xx_4xx"  "../msp430ware_3_80_14_01/driverlib/driverlib/MSP430FR2xx_4xx/eusci_b_i2c.c"
Finished building: "../msp430ware_3_80_14_01/driverlib/driverlib/MSP430FR2xx_4xx/eusci_b_i2c.c"
 
Building file: "../msp430ware_3_80_14_01/driverlib/driverlib/MSP430FR2xx_4xx/lcd_e.c"
Invoking: MSP430 Compiler
"/home/vityha/ti/ccs1100/ccs/tools/compiler/ti-cgt-msp430_21.6.0.LTS/bin/cl430" -vmspx --code_model=small --use_hw_mpy=F5 --include_path="/home/vityha/ti/ccs1100/ccs/ccs_base/msp430/include" --include_path="/home/vityha/POC/msp_workshop/FR4133_fram/workspace/lab_03a_gpio/msp430ware_3_80_14_01/driverlib/driverlib/MSP430FR2xx_4xx" --include_path="/home/vityha/POC/msp_workshop/FR4133_fram/workspace/lab_03a_gpio" --include_path="/home/vityha/ti/ccs1100/ccs/tools/compiler/ti-cgt-msp430_21.6.0.LTS/include" --advice:power=all --advice:hw_config=all --define=__MSP430FR2433__ -g --printf_support=minimal --diag_warning=225 --diag_wrap=off --display_error_number --silicon_errata=CPU21 --silicon_errata=CPU22 --silicon_errata=CPU40 --preproc_with_compile --preproc_dependency="msp430ware_3_80_14_01/driverlib/driverlib/MSP430FR2xx_4xx/lcd_e.d_raw" --obj_directory="msp430ware_3_80_14_01/driverlib/driverlib/MSP430FR2xx_4xx"  "../msp430ware_3_80_14_01/driverlib/driverlib/MSP430FR2xx_4xx/lcd_e.c"
"../msp430ware_3_80_14_01/driverlib/driverlib/MSP430FR2xx_4xx/eusci_b_i2c.c", line 53: remark #1530-D: (ULP 5.1) Detected divide operation(s). Recommend moving them to RAM during run time or not using as these are processing/power intensive
"../msp430ware_3_80_14_01/driverlib/driverlib/MSP430FR2xx_4xx/eusci_b_i2c.c", line 186: remark #1528-D: (ULP 3.1) Detected flag polling using UCTXIFG. Recommend using an interrupt combined with enter LPMx and ISR
"../msp430ware_3_80_14_01/driverlib/driverlib/MSP430FR2xx_4xx/eusci_b_i2c.c", line 192: remark #1528-D: (ULP 3.1) Detected flag polling using UCTXIFG. Recommend using an interrupt combined with enter LPMx and ISR
"../msp430ware_3_80_14_01/driverlib/driverlib/MSP430FR2xx_4xx/eusci_b_i2c.c", line 219: remark #1528-D: (ULP 3.1) Detected flag polling using UCRXIFG. Recommend using an interrupt combined with enter LPMx and ISR
"../msp430ware_3_80_14_01/driverlib/driverlib/MSP430FR2xx_4xx/eusci_b_i2c.c", line 213: remark #1527-D: (ULP 2.1) Detected SW delay loop using empty loop. Recommend using a timer module instead
"../msp430ware_3_80_14_01/driverlib/driverlib/MSP430FR2xx_4xx/eusci_b_i2c.c", line 243: remark #1528-D: (ULP 3.1) Detected flag polling using UCTXIFG. Recommend using an interrupt combined with enter LPMx and ISR
"../msp430ware_3_80_14_01/driverlib/driverlib/MSP430FR2xx_4xx/eusci_b_i2c.c", line 254: remark #1528-D: (ULP 3.1) Detected flag polling using UCTXIFG. Recommend using an interrupt combined with enter LPMx and ISR
"../msp430ware_3_80_14_01/driverlib/driverlib/MSP430FR2xx_4xx/eusci_b_i2c.c", line 287: remark #1528-D: (ULP 3.1) Detected flag polling using UCTXIFG. Recommend using an interrupt combined with enter LPMx and ISR
"../msp430ware_3_80_14_01/driverlib/driverlib/MSP430FR2xx_4xx/eusci_b_i2c.c", line 311: remark #1528-D: (ULP 3.1) Detected flag polling using UCTXIFG. Recommend using an interrupt combined with enter LPMx and ISR
"../msp430ware_3_80_14_01/driverlib/driverlib/MSP430FR2xx_4xx/eusci_b_i2c.c", line 334: remark #1528-D: (ULP 3.1) Detected flag polling using UCTXIFG. Recommend using an interrupt combined with enter LPMx and ISR
"../msp430ware_3_80_14_01/driverlib/driverlib/MSP430FR2xx_4xx/eusci_b_i2c.c", line 349: remark #1528-D: (ULP 3.1) Detected flag polling using UCTXIFG. Recommend using an interrupt combined with enter LPMx and ISR
"../msp430ware_3_80_14_01/driverlib/driverlib/MSP430FR2xx_4xx/eusci_b_i2c.c", line 370: remark #1528-D: (ULP 3.1) Detected flag polling using UCTXIFG. Recommend using an interrupt combined with enter LPMx and ISR
"../msp430ware_3_80_14_01/driverlib/driverlib/MSP430FR2xx_4xx/eusci_b_i2c.c", line 377: remark #1528-D: (ULP 3.1) Detected flag polling using UCTXIFG. Recommend using an interrupt combined with enter LPMx and ISR
"../msp430ware_3_80_14_01/driverlib/driverlib/MSP430FR2xx_4xx/eusci_b_i2c.c", line 393: remark #1528-D: (ULP 3.1) Detected flag polling using UCTXIFG. Recommend using an interrupt combined with enter LPMx and ISR
"../msp430ware_3_80_14_01/driverlib/driverlib/MSP430FR2xx_4xx/eusci_b_i2c.c", line 405: remark #1528-D: (ULP 3.1) Detected flag polling using UCTXIFG. Recommend using an interrupt combined with enter LPMx and ISR
"../msp430ware_3_80_14_01/driverlib/driverlib/MSP430FR2xx_4xx/eusci_b_i2c.c", line 428: remark #1528-D: (ULP 3.1) Detected flag polling using UCTXIFG. Recommend using an interrupt combined with enter LPMx and ISR
"../msp430ware_3_80_14_01/driverlib/driverlib/MSP430FR2xx_4xx/eusci_b_i2c.c", line 441: remark #1528-D: (ULP 3.1) Detected flag polling using UCTXIFG. Recommend using an interrupt combined with enter LPMx and ISR
"../msp430ware_3_80_14_01/driverlib/driverlib/MSP430FR2xx_4xx/eusci_b_i2c.c", line 477: remark #1528-D: (ULP 3.1) Detected flag polling using UCRXIFG. Recommend using an interrupt combined with enter LPMx and ISR
"../msp430ware_3_80_14_01/driverlib/driverlib/MSP430FR2xx_4xx/eusci_b_i2c.c", line 474: remark #1527-D: (ULP 2.1) Detected SW delay loop using empty loop. Recommend using a timer module instead
"../msp430ware_3_80_14_01/driverlib/driverlib/MSP430FR2xx_4xx/eusci_b_i2c.c", line 503: remark #1528-D: (ULP 3.1) Detected flag polling using UCRXIFG. Recommend using an interrupt combined with enter LPMx and ISR
"../msp430ware_3_80_14_01/driverlib/driverlib/MSP430FR2xx_4xx/eusci_b_i2c.c", line 495: remark #1527-D: (ULP 2.1) Detected SW delay loop using empty loop. Recommend using a timer module instead
"../msp430ware_3_80_14_01/driverlib/driverlib/MSP430FR2xx_4xx/eusci_b_i2c.c", line 540: remark #1528-D: (ULP 3.1) Detected flag polling using UCRXIFG0. Recommend using an interrupt combined with enter LPMx and ISR
"../msp430ware_3_80_14_01/driverlib/driverlib/MSP430FR2xx_4xx/cs.c", line 133: remark #1530-D: (ULP 5.1) Detected divide operation(s). Recommend moving them to RAM during run time or not using as these are processing/power intensive
"../msp430ware_3_80_14_01/driverlib/driverlib/MSP430FR2xx_4xx/cs.c", line 148: remark #1530-D: (ULP 5.1) Detected divide operation(s). Recommend moving them to RAM during run time or not using as these are processing/power intensive
"../msp430ware_3_80_14_01/driverlib/driverlib/MSP430FR2xx_4xx/cs.c", line 172: remark #1530-D: (ULP 5.1) Detected divide operation(s). Recommend moving them to RAM during run time or not using as these are processing/power intensive
"../msp430ware_3_80_14_01/driverlib/driverlib/MSP430FR2xx_4xx/cs.c", line 176: remark #1530-D: (ULP 5.1) Detected divide operation(s). Recommend moving them to RAM during run time or not using as these are processing/power intensive
"../msp430ware_3_80_14_01/driverlib/driverlib/MSP430FR2xx_4xx/cs.c", line 181: remark #1530-D: (ULP 5.1) Detected divide operation(s). Recommend moving them to RAM during run time or not using as these are processing/power intensive
"../msp430ware_3_80_14_01/driverlib/driverlib/MSP430FR2xx_4xx/cs.c", line 213: remark #1527-D: (ULP 2.1) Detected SW delay loop using __delay_cycles. Recommend using a timer module instead
"../msp430ware_3_80_14_01/driverlib/driverlib/MSP430FR2xx_4xx/cs.c", line 216: remark #1527-D: (ULP 2.1) Detected SW delay loop using __delay_cycles. Recommend using a timer module instead
"../msp430ware_3_80_14_01/driverlib/driverlib/MSP430FR2xx_4xx/cs.c", line 219: remark #1527-D: (ULP 2.1) Detected SW delay loop using __delay_cycles. Recommend using a timer module instead
"../msp430ware_3_80_14_01/driverlib/driverlib/MSP430FR2xx_4xx/cs.c", line 222: remark #1527-D: (ULP 2.1) Detected SW delay loop using __delay_cycles. Recommend using a timer module instead
"../msp430ware_3_80_14_01/driverlib/driverlib/MSP430FR2xx_4xx/cs.c", line 225: remark #1527-D: (ULP 2.1) Detected SW delay loop using __delay_cycles. Recommend using a timer module instead
"../msp430ware_3_80_14_01/driverlib/driverlib/MSP430FR2xx_4xx/cs.c", line 228: remark #1527-D: (ULP 2.1) Detected SW delay loop using __delay_cycles. Recommend using a timer module instead
"../msp430ware_3_80_14_01/driverlib/driverlib/MSP430FR2xx_4xx/cs.c", line 231: remark #1527-D: (ULP 2.1) Detected SW delay loop using __delay_cycles. Recommend using a timer module instead
"../msp430ware_3_80_14_01/driverlib/driverlib/MSP430FR2xx_4xx/cs.c", line 234: remark #1527-D: (ULP 2.1) Detected SW delay loop using __delay_cycles. Recommend using a timer module instead
"../msp430ware_3_80_14_01/driverlib/driverlib/MSP430FR2xx_4xx/cs.c", line 237: remark #1527-D: (ULP 2.1) Detected SW delay loop using __delay_cycles. Recommend using a timer module instead
"../msp430ware_3_80_14_01/driverlib/driverlib/MSP430FR2xx_4xx/cs.c", line 242: remark #1527-D: (ULP 2.1) Detected SW delay loop using empty loop. Recommend using a timer module instead
"../msp430ware_3_80_14_01/driverlib/driverlib/MSP430FR2xx_4xx/cs.c", line 292: remark #1527-D: (ULP 2.1) Detected SW delay loop using empty loop. Recommend using a timer module instead
"../msp430ware_3_80_14_01/driverlib/driverlib/MSP430FR2xx_4xx/cs.c", line 601: remark #1535-D: (ULP 8.1) variable "dco_FLLD" is used as a constant. Recommend declaring variable as either 'static const' or 'const'
"../msp430ware_3_80_14_01/driverlib/driverlib/MSP430FR2xx_4xx/cs.c", line 703: remark #1535-D: (ULP 8.1) variable "dco_FLLD" is used as a constant. Recommend declaring variable as either 'static const' or 'const'
"../msp430ware_3_80_14_01/driverlib/driverlib/MSP430FR2xx_4xx/cs.c", line 822: remark #1535-D: (ULP 8.1) variable "dco_FLLD" is used as a constant. Recommend declaring variable as either 'static const' or 'const'
"../msp430ware_3_80_14_01/driverlib/driverlib/MSP430FR2xx_4xx/cs.c", line 984: remark #1535-D: (ULP 8.1) variable "ACLKSourceDivider" is used as a constant. Recommend declaring variable as either 'static const' or 'const'
Finished building: "../msp430ware_3_80_14_01/driverlib/driverlib/MSP430FR2xx_4xx/lcd_e.c"
 
Building file: "../msp430ware_3_80_14_01/driverlib/driverlib/MSP430FR2xx_4xx/cs.c"
Invoking: MSP430 Compiler
"/home/vityha/ti/ccs1100/ccs/tools/compiler/ti-cgt-msp430_21.6.0.LTS/bin/cl430" -vmspx --code_model=small --use_hw_mpy=F5 --include_path="/home/vityha/ti/ccs1100/ccs/ccs_base/msp430/include" --include_path="/home/vityha/POC/msp_workshop/FR4133_fram/workspace/lab_03a_gpio/msp430ware_3_80_14_01/driverlib/driverlib/MSP430FR2xx_4xx" --include_path="/home/vityha/POC/msp_workshop/FR4133_fram/workspace/lab_03a_gpio" --include_path="/home/vityha/ti/ccs1100/ccs/tools/compiler/ti-cgt-msp430_21.6.0.LTS/include" --advice:power=all --advice:hw_config=all --define=__MSP430FR2433__ -g --printf_support=minimal --diag_warning=225 --diag_wrap=off --display_error_number --silicon_errata=CPU21 --silicon_errata=CPU22 --silicon_errata=CPU40 --preproc_with_compile --preproc_dependency="msp430ware_3_80_14_01/driverlib/driverlib/MSP430FR2xx_4xx/cs.d_raw" --obj_directory="msp430ware_3_80_14_01/driverlib/driverlib/MSP430FR2xx_4xx"  "../msp430ware_3_80_14_01/driverlib/driverlib/MSP430FR2xx_4xx/cs.c"
Finished building: "../msp430ware_3_80_14_01/driverlib/driverlib/MSP430FR2xx_4xx/cs.c"
 
Building file: "../msp430ware_3_80_14_01/driverlib/driverlib/MSP430FR2xx_4xx/mpy32.c"
Invoking: MSP430 Compiler
"/home/vityha/ti/ccs1100/ccs/tools/compiler/ti-cgt-msp430_21.6.0.LTS/bin/cl430" -vmspx --code_model=small --use_hw_mpy=F5 --include_path="/home/vityha/ti/ccs1100/ccs/ccs_base/msp430/include" --include_path="/home/vityha/POC/msp_workshop/FR4133_fram/workspace/lab_03a_gpio/msp430ware_3_80_14_01/driverlib/driverlib/MSP430FR2xx_4xx" --include_path="/home/vityha/POC/msp_workshop/FR4133_fram/workspace/lab_03a_gpio" --include_path="/home/vityha/ti/ccs1100/ccs/tools/compiler/ti-cgt-msp430_21.6.0.LTS/include" --advice:power=all --advice:hw_config=all --define=__MSP430FR2433__ -g --printf_support=minimal --diag_warning=225 --diag_wrap=off --display_error_number --silicon_errata=CPU21 --silicon_errata=CPU22 --silicon_errata=CPU40 --preproc_with_compile --preproc_dependency="msp430ware_3_80_14_01/driverlib/driverlib/MSP430FR2xx_4xx/mpy32.d_raw" --obj_directory="msp430ware_3_80_14_01/driverlib/driverlib/MSP430FR2xx_4xx"  "../msp430ware_3_80_14_01/driverlib/driverlib/MSP430FR2xx_4xx/mpy32.c"
Finished building: "../msp430ware_3_80_14_01/driverlib/driverlib/MSP430FR2xx_4xx/mpy32.c"
 
Building file: "../msp430ware_3_80_14_01/driverlib/driverlib/MSP430FR2xx_4xx/rtc.c"
Invoking: MSP430 Compiler
"/home/vityha/ti/ccs1100/ccs/tools/compiler/ti-cgt-msp430_21.6.0.LTS/bin/cl430" -vmspx --code_model=small --use_hw_mpy=F5 --include_path="/home/vityha/ti/ccs1100/ccs/ccs_base/msp430/include" --include_path="/home/vityha/POC/msp_workshop/FR4133_fram/workspace/lab_03a_gpio/msp430ware_3_80_14_01/driverlib/driverlib/MSP430FR2xx_4xx" --include_path="/home/vityha/POC/msp_workshop/FR4133_fram/workspace/lab_03a_gpio" --include_path="/home/vityha/ti/ccs1100/ccs/tools/compiler/ti-cgt-msp430_21.6.0.LTS/include" --advice:power=all --advice:hw_config=all --define=__MSP430FR2433__ -g --printf_support=minimal --diag_warning=225 --diag_wrap=off --display_error_number --silicon_errata=CPU21 --silicon_errata=CPU22 --silicon_errata=CPU40 --preproc_with_compile --preproc_dependency="msp430ware_3_80_14_01/driverlib/driverlib/MSP430FR2xx_4xx/rtc.d_raw" --obj_directory="msp430ware_3_80_14_01/driverlib/driverlib/MSP430FR2xx_4xx"  "../msp430ware_3_80_14_01/driverlib/driverlib/MSP430FR2xx_4xx/rtc.c"
Finished building: "../msp430ware_3_80_14_01/driverlib/driverlib/MSP430FR2xx_4xx/rtc.c"
 
Building file: "../msp430ware_3_80_14_01/driverlib/driverlib/MSP430FR2xx_4xx/gpio.c"
Invoking: MSP430 Compiler
"/home/vityha/ti/ccs1100/ccs/tools/compiler/ti-cgt-msp430_21.6.0.LTS/bin/cl430" -vmspx --code_model=small --use_hw_mpy=F5 --include_path="/home/vityha/ti/ccs1100/ccs/ccs_base/msp430/include" --include_path="/home/vityha/POC/msp_workshop/FR4133_fram/workspace/lab_03a_gpio/msp430ware_3_80_14_01/driverlib/driverlib/MSP430FR2xx_4xx" --include_path="/home/vityha/POC/msp_workshop/FR4133_fram/workspace/lab_03a_gpio" --include_path="/home/vityha/ti/ccs1100/ccs/tools/compiler/ti-cgt-msp430_21.6.0.LTS/include" --advice:power=all --advice:hw_config=all --define=__MSP430FR2433__ -g --printf_support=minimal --diag_warning=225 --diag_wrap=off --display_error_number --silicon_errata=CPU21 --silicon_errata=CPU22 --silicon_errata=CPU40 --preproc_with_compile --preproc_dependency="msp430ware_3_80_14_01/driverlib/driverlib/MSP430FR2xx_4xx/gpio.d_raw" --obj_directory="msp430ware_3_80_14_01/driverlib/driverlib/MSP430FR2xx_4xx"  "../msp430ware_3_80_14_01/driverlib/driverlib/MSP430FR2xx_4xx/gpio.c"
Finished building: "../msp430ware_3_80_14_01/driverlib/driverlib/MSP430FR2xx_4xx/gpio.c"
 
Building file: "../msp430ware_3_80_14_01/driverlib/driverlib/MSP430FR2xx_4xx/sac.c"
Invoking: MSP430 Compiler
"/home/vityha/ti/ccs1100/ccs/tools/compiler/ti-cgt-msp430_21.6.0.LTS/bin/cl430" -vmspx --code_model=small --use_hw_mpy=F5 --include_path="/home/vityha/ti/ccs1100/ccs/ccs_base/msp430/include" --include_path="/home/vityha/POC/msp_workshop/FR4133_fram/workspace/lab_03a_gpio/msp430ware_3_80_14_01/driverlib/driverlib/MSP430FR2xx_4xx" --include_path="/home/vityha/POC/msp_workshop/FR4133_fram/workspace/lab_03a_gpio" --include_path="/home/vityha/ti/ccs1100/ccs/tools/compiler/ti-cgt-msp430_21.6.0.LTS/include" --advice:power=all --advice:hw_config=all --define=__MSP430FR2433__ -g --printf_support=minimal --diag_warning=225 --diag_wrap=off --display_error_number --silicon_errata=CPU21 --silicon_errata=CPU22 --silicon_errata=CPU40 --preproc_with_compile --preproc_dependency="msp430ware_3_80_14_01/driverlib/driverlib/MSP430FR2xx_4xx/sac.d_raw" --obj_directory="msp430ware_3_80_14_01/driverlib/driverlib/MSP430FR2xx_4xx"  "../msp430ware_3_80_14_01/driverlib/driverlib/MSP430FR2xx_4xx/sac.c"
Finished building: "../msp430ware_3_80_14_01/driverlib/driverlib/MSP430FR2xx_4xx/sac.c"
 
Building file: "../msp430ware_3_80_14_01/driverlib/driverlib/MSP430FR2xx_4xx/pmm.c"
Invoking: MSP430 Compiler
"/home/vityha/ti/ccs1100/ccs/tools/compiler/ti-cgt-msp430_21.6.0.LTS/bin/cl430" -vmspx --code_model=small --use_hw_mpy=F5 --include_path="/home/vityha/ti/ccs1100/ccs/ccs_base/msp430/include" --include_path="/home/vityha/POC/msp_workshop/FR4133_fram/workspace/lab_03a_gpio/msp430ware_3_80_14_01/driverlib/driverlib/MSP430FR2xx_4xx" --include_path="/home/vityha/POC/msp_workshop/FR4133_fram/workspace/lab_03a_gpio" --include_path="/home/vityha/ti/ccs1100/ccs/tools/compiler/ti-cgt-msp430_21.6.0.LTS/include" --advice:power=all --advice:hw_config=all --define=__MSP430FR2433__ -g --printf_support=minimal --diag_warning=225 --diag_wrap=off --display_error_number --silicon_errata=CPU21 --silicon_errata=CPU22 --silicon_errata=CPU40 --preproc_with_compile --preproc_dependency="msp430ware_3_80_14_01/driverlib/driverlib/MSP430FR2xx_4xx/pmm.d_raw" --obj_directory="msp430ware_3_80_14_01/driverlib/driverlib/MSP430FR2xx_4xx"  "../msp430ware_3_80_14_01/driverlib/driverlib/MSP430FR2xx_4xx/pmm.c"
Finished building: "../msp430ware_3_80_14_01/driverlib/driverlib/MSP430FR2xx_4xx/pmm.c"
 
Building file: "../msp430ware_3_80_14_01/driverlib/driverlib/MSP430FR2xx_4xx/sfr.c"
Invoking: MSP430 Compiler
"/home/vityha/ti/ccs1100/ccs/tools/compiler/ti-cgt-msp430_21.6.0.LTS/bin/cl430" -vmspx --code_model=small --use_hw_mpy=F5 --include_path="/home/vityha/ti/ccs1100/ccs/ccs_base/msp430/include" --include_path="/home/vityha/POC/msp_workshop/FR4133_fram/workspace/lab_03a_gpio/msp430ware_3_80_14_01/driverlib/driverlib/MSP430FR2xx_4xx" --include_path="/home/vityha/POC/msp_workshop/FR4133_fram/workspace/lab_03a_gpio" --include_path="/home/vityha/ti/ccs1100/ccs/tools/compiler/ti-cgt-msp430_21.6.0.LTS/include" --advice:power=all --advice:hw_config=all --define=__MSP430FR2433__ -g --printf_support=minimal --diag_warning=225 --diag_wrap=off --display_error_number --silicon_errata=CPU21 --silicon_errata=CPU22 --silicon_errata=CPU40 --preproc_with_compile --preproc_dependency="msp430ware_3_80_14_01/driverlib/driverlib/MSP430FR2xx_4xx/sfr.d_raw" --obj_directory="msp430ware_3_80_14_01/driverlib/driverlib/MSP430FR2xx_4xx"  "../msp430ware_3_80_14_01/driverlib/driverlib/MSP430FR2xx_4xx/sfr.c"
Finished building: "../msp430ware_3_80_14_01/driverlib/driverlib/MSP430FR2xx_4xx/sfr.c"
 
Building file: "../msp430ware_3_80_14_01/driverlib/driverlib/MSP430FR2xx_4xx/tia.c"
Invoking: MSP430 Compiler
"/home/vityha/ti/ccs1100/ccs/tools/compiler/ti-cgt-msp430_21.6.0.LTS/bin/cl430" -vmspx --code_model=small --use_hw_mpy=F5 --include_path="/home/vityha/ti/ccs1100/ccs/ccs_base/msp430/include" --include_path="/home/vityha/POC/msp_workshop/FR4133_fram/workspace/lab_03a_gpio/msp430ware_3_80_14_01/driverlib/driverlib/MSP430FR2xx_4xx" --include_path="/home/vityha/POC/msp_workshop/FR4133_fram/workspace/lab_03a_gpio" --include_path="/home/vityha/ti/ccs1100/ccs/tools/compiler/ti-cgt-msp430_21.6.0.LTS/include" --advice:power=all --advice:hw_config=all --define=__MSP430FR2433__ -g --printf_support=minimal --diag_warning=225 --diag_wrap=off --display_error_number --silicon_errata=CPU21 --silicon_errata=CPU22 --silicon_errata=CPU40 --preproc_with_compile --preproc_dependency="msp430ware_3_80_14_01/driverlib/driverlib/MSP430FR2xx_4xx/tia.d_raw" --obj_directory="msp430ware_3_80_14_01/driverlib/driverlib/MSP430FR2xx_4xx"  "../msp430ware_3_80_14_01/driverlib/driverlib/MSP430FR2xx_4xx/tia.c"
Finished building: "../msp430ware_3_80_14_01/driverlib/driverlib/MSP430FR2xx_4xx/tia.c"
 
Building file: "../msp430ware_3_80_14_01/driverlib/driverlib/MSP430FR2xx_4xx/timer_b.c"
Invoking: MSP430 Compiler
"/home/vityha/ti/ccs1100/ccs/tools/compiler/ti-cgt-msp430_21.6.0.LTS/bin/cl430" -vmspx --code_model=small --use_hw_mpy=F5 --include_path="/home/vityha/ti/ccs1100/ccs/ccs_base/msp430/include" --include_path="/home/vityha/POC/msp_workshop/FR4133_fram/workspace/lab_03a_gpio/msp430ware_3_80_14_01/driverlib/driverlib/MSP430FR2xx_4xx" --include_path="/home/vityha/POC/msp_workshop/FR4133_fram/workspace/lab_03a_gpio" --include_path="/home/vityha/ti/ccs1100/ccs/tools/compiler/ti-cgt-msp430_21.6.0.LTS/include" --advice:power=all --advice:hw_config=all --define=__MSP430FR2433__ -g --printf_support=minimal --diag_warning=225 --diag_wrap=off --display_error_number --silicon_errata=CPU21 --silicon_errata=CPU22 --silicon_errata=CPU40 --preproc_with_compile --preproc_dependency="msp430ware_3_80_14_01/driverlib/driverlib/MSP430FR2xx_4xx/timer_b.d_raw" --obj_directory="msp430ware_3_80_14_01/driverlib/driverlib/MSP430FR2xx_4xx"  "../msp430ware_3_80_14_01/driverlib/driverlib/MSP430FR2xx_4xx/timer_b.c"
Finished building: "../msp430ware_3_80_14_01/driverlib/driverlib/MSP430FR2xx_4xx/timer_b.c"
 
Building file: "../msp430ware_3_80_14_01/driverlib/driverlib/MSP430FR2xx_4xx/sysctl.c"
Invoking: MSP430 Compiler
"/home/vityha/ti/ccs1100/ccs/tools/compiler/ti-cgt-msp430_21.6.0.LTS/bin/cl430" -vmspx --code_model=small --use_hw_mpy=F5 --include_path="/home/vityha/ti/ccs1100/ccs/ccs_base/msp430/include" --include_path="/home/vityha/POC/msp_workshop/FR4133_fram/workspace/lab_03a_gpio/msp430ware_3_80_14_01/driverlib/driverlib/MSP430FR2xx_4xx" --include_path="/home/vityha/POC/msp_workshop/FR4133_fram/workspace/lab_03a_gpio" --include_path="/home/vityha/ti/ccs1100/ccs/tools/compiler/ti-cgt-msp430_21.6.0.LTS/include" --advice:power=all --advice:hw_config=all --define=__MSP430FR2433__ -g --printf_support=minimal --diag_warning=225 --diag_wrap=off --display_error_number --silicon_errata=CPU21 --silicon_errata=CPU22 --silicon_errata=CPU40 --preproc_with_compile --preproc_dependency="msp430ware_3_80_14_01/driverlib/driverlib/MSP430FR2xx_4xx/sysctl.d_raw" --obj_directory="msp430ware_3_80_14_01/driverlib/driverlib/MSP430FR2xx_4xx"  "../msp430ware_3_80_14_01/driverlib/driverlib/MSP430FR2xx_4xx/sysctl.c"
Finished building: "../msp430ware_3_80_14_01/driverlib/driverlib/MSP430FR2xx_4xx/sysctl.c"
 
Building file: "../msp430ware_3_80_14_01/driverlib/driverlib/MSP430FR2xx_4xx/wdt_a.c"
Invoking: MSP430 Compiler
"/home/vityha/ti/ccs1100/ccs/tools/compiler/ti-cgt-msp430_21.6.0.LTS/bin/cl430" -vmspx --code_model=small --use_hw_mpy=F5 --include_path="/home/vityha/ti/ccs1100/ccs/ccs_base/msp430/include" --include_path="/home/vityha/POC/msp_workshop/FR4133_fram/workspace/lab_03a_gpio/msp430ware_3_80_14_01/driverlib/driverlib/MSP430FR2xx_4xx" --include_path="/home/vityha/POC/msp_workshop/FR4133_fram/workspace/lab_03a_gpio" --include_path="/home/vityha/ti/ccs1100/ccs/tools/compiler/ti-cgt-msp430_21.6.0.LTS/include" --advice:power=all --advice:hw_config=all --define=__MSP430FR2433__ -g --printf_support=minimal --diag_warning=225 --diag_wrap=off --display_error_number --silicon_errata=CPU21 --silicon_errata=CPU22 --silicon_errata=CPU40 --preproc_with_compile --preproc_dependency="msp430ware_3_80_14_01/driverlib/driverlib/MSP430FR2xx_4xx/wdt_a.d_raw" --obj_directory="msp430ware_3_80_14_01/driverlib/driverlib/MSP430FR2xx_4xx"  "../msp430ware_3_80_14_01/driverlib/driverlib/MSP430FR2xx_4xx/wdt_a.c"
Finished building: "../msp430ware_3_80_14_01/driverlib/driverlib/MSP430FR2xx_4xx/wdt_a.c"
 
Building file: "../msp430ware_3_80_14_01/driverlib/driverlib/MSP430FR2xx_4xx/tlv.c"
Invoking: MSP430 Compiler
"/home/vityha/ti/ccs1100/ccs/tools/compiler/ti-cgt-msp430_21.6.0.LTS/bin/cl430" -vmspx --code_model=small --use_hw_mpy=F5 --include_path="/home/vityha/ti/ccs1100/ccs/ccs_base/msp430/include" --include_path="/home/vityha/POC/msp_workshop/FR4133_fram/workspace/lab_03a_gpio/msp430ware_3_80_14_01/driverlib/driverlib/MSP430FR2xx_4xx" --include_path="/home/vityha/POC/msp_workshop/FR4133_fram/workspace/lab_03a_gpio" --include_path="/home/vityha/ti/ccs1100/ccs/tools/compiler/ti-cgt-msp430_21.6.0.LTS/include" --advice:power=all --advice:hw_config=all --define=__MSP430FR2433__ -g --printf_support=minimal --diag_warning=225 --diag_wrap=off --display_error_number --silicon_errata=CPU21 --silicon_errata=CPU22 --silicon_errata=CPU40 --preproc_with_compile --preproc_dependency="msp430ware_3_80_14_01/driverlib/driverlib/MSP430FR2xx_4xx/tlv.d_raw" --obj_directory="msp430ware_3_80_14_01/driverlib/driverlib/MSP430FR2xx_4xx"  "../msp430ware_3_80_14_01/driverlib/driverlib/MSP430FR2xx_4xx/tlv.c"
Finished building: "../msp430ware_3_80_14_01/driverlib/driverlib/MSP430FR2xx_4xx/tlv.c"
 
Building file: "../msp430ware_3_80_14_01/driverlib/driverlib/MSP430FR2xx_4xx/timer_a.c"
Invoking: MSP430 Compiler
"/home/vityha/ti/ccs1100/ccs/tools/compiler/ti-cgt-msp430_21.6.0.LTS/bin/cl430" -vmspx --code_model=small --use_hw_mpy=F5 --include_path="/home/vityha/ti/ccs1100/ccs/ccs_base/msp430/include" --include_path="/home/vityha/POC/msp_workshop/FR4133_fram/workspace/lab_03a_gpio/msp430ware_3_80_14_01/driverlib/driverlib/MSP430FR2xx_4xx" --include_path="/home/vityha/POC/msp_workshop/FR4133_fram/workspace/lab_03a_gpio" --include_path="/home/vityha/ti/ccs1100/ccs/tools/compiler/ti-cgt-msp430_21.6.0.LTS/include" --advice:power=all --advice:hw_config=all --define=__MSP430FR2433__ -g --printf_support=minimal --diag_warning=225 --diag_wrap=off --display_error_number --silicon_errata=CPU21 --silicon_errata=CPU22 --silicon_errata=CPU40 --preproc_with_compile --preproc_dependency="msp430ware_3_80_14_01/driverlib/driverlib/MSP430FR2xx_4xx/timer_a.d_raw" --obj_directory="msp430ware_3_80_14_01/driverlib/driverlib/MSP430FR2xx_4xx"  "../msp430ware_3_80_14_01/driverlib/driverlib/MSP430FR2xx_4xx/timer_a.c"
Finished building: "../msp430ware_3_80_14_01/driverlib/driverlib/MSP430FR2xx_4xx/timer_a.c"
 
Building target: "lab_03a_gpio.out"
Invoking: MSP430 Linker
"/home/vityha/ti/ccs1100/ccs/tools/compiler/ti-cgt-msp430_21.6.0.LTS/bin/cl430" -vmspx --code_model=small --use_hw_mpy=F5 --advice:power=all --advice:hw_config=all --define=__MSP430FR2433__ -g --printf_support=minimal --diag_warning=225 --diag_wrap=off --display_error_number --silicon_errata=CPU21 --silicon_errata=CPU22 --silicon_errata=CPU40 -z -m"lab_03a_gpio.map" --heap_size=160 --stack_size=160 --cinit_hold_wdt=on -i"/home/vityha/ti/ccs1100/ccs/ccs_base/msp430/include" -i"/home/vityha/ti/ccs1100/ccs/ccs_base/msp430/lib/5xx_6xx_FRxx" -i"/home/vityha/ti/ccs1100/ccs/tools/compiler/ti-cgt-msp430_21.6.0.LTS/lib" -i"/home/vityha/ti/ccs1100/ccs/tools/compiler/ti-cgt-msp430_21.6.0.LTS/include" --reread_libs --diag_wrap=off --display_error_number --warn_sections --xml_link_info="lab_03a_gpio_linkInfo.xml" --use_hw_mpy=F5 --rom_model -o "lab_03a_gpio.out" "./main.obj" "./msp430ware_3_80_14_01/driverlib/driverlib/MSP430FR2xx_4xx/adc.obj" "./msp430ware_3_80_14_01/driverlib/driverlib/MSP430FR2xx_4xx/crc.obj" "./msp430ware_3_80_14_01/driverlib/driverlib/MSP430FR2xx_4xx/cs.obj" "./msp430ware_3_80_14_01/driverlib/driverlib/MSP430FR2xx_4xx/ecomp.obj" "./msp430ware_3_80_14_01/driverlib/driverlib/MSP430FR2xx_4xx/eusci_a_spi.obj" "./msp430ware_3_80_14_01/driverlib/driverlib/MSP430FR2xx_4xx/eusci_a_uart.obj" "./msp430ware_3_80_14_01/driverlib/driverlib/MSP430FR2xx_4xx/eusci_b_i2c.obj" "./msp430ware_3_80_14_01/driverlib/driverlib/MSP430FR2xx_4xx/eusci_b_spi.obj" "./msp430ware_3_80_14_01/driverlib/driverlib/MSP430FR2xx_4xx/framctl.obj" "./msp430ware_3_80_14_01/driverlib/driverlib/MSP430FR2xx_4xx/gpio.obj" "./msp430ware_3_80_14_01/driverlib/driverlib/MSP430FR2xx_4xx/icc.obj" "./msp430ware_3_80_14_01/driverlib/driverlib/MSP430FR2xx_4xx/lcd_e.obj" "./msp430ware_3_80_14_01/driverlib/driverlib/MSP430FR2xx_4xx/mpy32.obj" "./msp430ware_3_80_14_01/driverlib/driverlib/MSP430FR2xx_4xx/pmm.obj" "./msp430ware_3_80_14_01/driverlib/driverlib/MSP430FR2xx_4xx/rtc.obj" "./msp430ware_3_80_14_01/driverlib/driverlib/MSP430FR2xx_4xx/sac.obj" "./msp430ware_3_80_14_01/driverlib/driverlib/MSP430FR2xx_4xx/sfr.obj" "./msp430ware_3_80_14_01/driverlib/driverlib/MSP430FR2xx_4xx/sysctl.obj" "./msp430ware_3_80_14_01/driverlib/driverlib/MSP430FR2xx_4xx/tia.obj" "./msp430ware_3_80_14_01/driverlib/driverlib/MSP430FR2xx_4xx/timer_a.obj" "./msp430ware_3_80_14_01/driverlib/driverlib/MSP430FR2xx_4xx/timer_b.obj" "./msp430ware_3_80_14_01/driverlib/driverlib/MSP430FR2xx_4xx/tlv.obj" "./msp430ware_3_80_14_01/driverlib/driverlib/MSP430FR2xx_4xx/wdt_a.obj" "../lnk_msp430fr2433.cmd"  -llibmath.a -llibc.a 
<Linking>
remark #10372-D: (ULP 4.1) Detected uninitialized Port A in this project. Recommend initializing all unused ports to eliminate wasted current consumption on unused pins.
remark #10372-D: (ULP 4.1) Detected uninitialized Port B in this project. Recommend initializing all unused ports to eliminate wasted current consumption on unused pins.
Finished building target: "lab_03a_gpio.out"
 

**** Build Finished ****
