
**** Build of configuration Debug for project sensor_i2c ****

/home/vityha/ti/ccs1100/ccs/utils/bin/gmake -k -j 6 all -O 
 
Building file: "../main.c"
Invoking: MSP430 Compiler
"/home/vityha/ti/ccs1100/ccs/tools/compiler/ti-cgt-msp430_21.6.0.LTS/bin/cl430" -vmspx --code_model=small --use_hw_mpy=F5 --include_path="/home/vityha/ti/ccs1100/ccs/ccs_base/msp430/include" --include_path="/home/vityha/POC/msp_workshop/FR4133_fram/workspace/sensor_i2c/driverlib" --include_path="/home/vityha/POC/msp_workshop/FR4133_fram/workspace/sensor_i2c" --include_path="/home/vityha/ti/ccs1100/ccs/tools/compiler/ti-cgt-msp430_21.6.0.LTS/include" --advice:power=all --advice:hw_config=all --define=__MSP430FR2433__ -g --printf_support=minimal --diag_warning=225 --diag_wrap=off --display_error_number --silicon_errata=CPU21 --silicon_errata=CPU22 --silicon_errata=CPU40 --preproc_with_compile --preproc_dependency="main.d_raw"  "../main.c"
 
>> Compilation failure
subdir_rules.mk:7: recipe for target 'main.obj' failed
"../main.c", line 3: error #80: expected a type specifier
"../main.c", line 4: error #20: identifier "eI2C_CLOCKSOURCE_SMCLK" is undefined
"../main.c", line 6: error #80: expected a type specifier
"../main.c", line 7: error #20: identifier "eI2C_SET_DATA_RATE_400KBPS" is undefined
"../main.c", line 8: error #80: expected a type specifier
"../main.c", line 9: error #20: identifier "eI2C_NO_AUTO_STOP" is undefined
"../main.c", line 3: warning #78-D: this declaration has no storage class or type specifier
"../main.c", line 12: error #80: expected a type specifier
"../main.c", line 13: error #20: identifier "SLAVE_ADDRESS" is undefined
"../main.c", line 12: warning #78-D: this declaration has no storage class or type specifier
"../main.c", line 16: error #80: expected a type specifier
"../main.c", line 17: error #20: identifier "eI2C_TRANSMIT_MODE" is undefined
"../main.c", line 16: warning #78-D: this declaration has no storage class or type specifier
"../main.c", line 20: error #80: expected a type specifier
"../main.c", line 20: warning #78-D: this declaration has no storage class or type specifier
"../main.c", line 21: error #171: expected a declaration
At end of source: warning #12-D: parsing restarts here after previous syntax error
12 errors detected in the compilation of "../main.c".
gmake: *** [main.obj] Error 1
Building file: "../driverlib/ecomp.c"
Invoking: MSP430 Compiler
"/home/vityha/ti/ccs1100/ccs/tools/compiler/ti-cgt-msp430_21.6.0.LTS/bin/cl430" -vmspx --code_model=small --use_hw_mpy=F5 --include_path="/home/vityha/ti/ccs1100/ccs/ccs_base/msp430/include" --include_path="/home/vityha/POC/msp_workshop/FR4133_fram/workspace/sensor_i2c/driverlib" --include_path="/home/vityha/POC/msp_workshop/FR4133_fram/workspace/sensor_i2c" --include_path="/home/vityha/ti/ccs1100/ccs/tools/compiler/ti-cgt-msp430_21.6.0.LTS/include" --advice:power=all --advice:hw_config=all --define=__MSP430FR2433__ -g --printf_support=minimal --diag_warning=225 --diag_wrap=off --display_error_number --silicon_errata=CPU21 --silicon_errata=CPU22 --silicon_errata=CPU40 --preproc_with_compile --preproc_dependency="driverlib/ecomp.d_raw" --obj_directory="driverlib"  "../driverlib/ecomp.c"
Finished building: "../driverlib/ecomp.c"
 
Building file: "../driverlib/crc.c"
Invoking: MSP430 Compiler
"/home/vityha/ti/ccs1100/ccs/tools/compiler/ti-cgt-msp430_21.6.0.LTS/bin/cl430" -vmspx --code_model=small --use_hw_mpy=F5 --include_path="/home/vityha/ti/ccs1100/ccs/ccs_base/msp430/include" --include_path="/home/vityha/POC/msp_workshop/FR4133_fram/workspace/sensor_i2c/driverlib" --include_path="/home/vityha/POC/msp_workshop/FR4133_fram/workspace/sensor_i2c" --include_path="/home/vityha/ti/ccs1100/ccs/tools/compiler/ti-cgt-msp430_21.6.0.LTS/include" --advice:power=all --advice:hw_config=all --define=__MSP430FR2433__ -g --printf_support=minimal --diag_warning=225 --diag_wrap=off --display_error_number --silicon_errata=CPU21 --silicon_errata=CPU22 --silicon_errata=CPU40 --preproc_with_compile --preproc_dependency="driverlib/crc.d_raw" --obj_directory="driverlib"  "../driverlib/crc.c"
Finished building: "../driverlib/crc.c"
 
Building file: "../driverlib/eusci_a_spi.c"
Invoking: MSP430 Compiler
"/home/vityha/ti/ccs1100/ccs/tools/compiler/ti-cgt-msp430_21.6.0.LTS/bin/cl430" -vmspx --code_model=small --use_hw_mpy=F5 --include_path="/home/vityha/ti/ccs1100/ccs/ccs_base/msp430/include" --include_path="/home/vityha/POC/msp_workshop/FR4133_fram/workspace/sensor_i2c/driverlib" --include_path="/home/vityha/POC/msp_workshop/FR4133_fram/workspace/sensor_i2c" --include_path="/home/vityha/ti/ccs1100/ccs/tools/compiler/ti-cgt-msp430_21.6.0.LTS/include" --advice:power=all --advice:hw_config=all --define=__MSP430FR2433__ -g --printf_support=minimal --diag_warning=225 --diag_wrap=off --display_error_number --silicon_errata=CPU21 --silicon_errata=CPU22 --silicon_errata=CPU40 --preproc_with_compile --preproc_dependency="driverlib/eusci_a_spi.d_raw" --obj_directory="driverlib"  "../driverlib/eusci_a_spi.c"
"../driverlib/eusci_a_spi.c", line 38: remark #1530-D: (ULP 5.1) Detected divide operation(s). Recommend moving them to RAM during run time or not using as these are processing/power intensive
"../driverlib/eusci_a_spi.c", line 74: remark #1530-D: (ULP 5.1) Detected divide operation(s). Recommend moving them to RAM during run time or not using as these are processing/power intensive
Finished building: "../driverlib/eusci_a_spi.c"
 
Building file: "../driverlib/adc.c"
Invoking: MSP430 Compiler
"/home/vityha/ti/ccs1100/ccs/tools/compiler/ti-cgt-msp430_21.6.0.LTS/bin/cl430" -vmspx --code_model=small --use_hw_mpy=F5 --include_path="/home/vityha/ti/ccs1100/ccs/ccs_base/msp430/include" --include_path="/home/vityha/POC/msp_workshop/FR4133_fram/workspace/sensor_i2c/driverlib" --include_path="/home/vityha/POC/msp_workshop/FR4133_fram/workspace/sensor_i2c" --include_path="/home/vityha/ti/ccs1100/ccs/tools/compiler/ti-cgt-msp430_21.6.0.LTS/include" --advice:power=all --advice:hw_config=all --define=__MSP430FR2433__ -g --printf_support=minimal --diag_warning=225 --diag_wrap=off --display_error_number --silicon_errata=CPU21 --silicon_errata=CPU22 --silicon_errata=CPU40 --preproc_with_compile --preproc_dependency="driverlib/adc.d_raw" --obj_directory="driverlib"  "../driverlib/adc.c"
Finished building: "../driverlib/adc.c"
 
Building file: "../driverlib/eusci_b_spi.c"
Invoking: MSP430 Compiler
"/home/vityha/ti/ccs1100/ccs/tools/compiler/ti-cgt-msp430_21.6.0.LTS/bin/cl430" -vmspx --code_model=small --use_hw_mpy=F5 --include_path="/home/vityha/ti/ccs1100/ccs/ccs_base/msp430/include" --include_path="/home/vityha/POC/msp_workshop/FR4133_fram/workspace/sensor_i2c/driverlib" --include_path="/home/vityha/POC/msp_workshop/FR4133_fram/workspace/sensor_i2c" --include_path="/home/vityha/ti/ccs1100/ccs/tools/compiler/ti-cgt-msp430_21.6.0.LTS/include" --advice:power=all --advice:hw_config=all --define=__MSP430FR2433__ -g --printf_support=minimal --diag_warning=225 --diag_wrap=off --display_error_number --silicon_errata=CPU21 --silicon_errata=CPU22 --silicon_errata=CPU40 --preproc_with_compile --preproc_dependency="driverlib/eusci_b_spi.d_raw" --obj_directory="driverlib"  "../driverlib/eusci_b_spi.c"
"../driverlib/adc.c", line 141: remark #1528-D: (ULP 3.1) Detected flag polling using ADCBUSY. Recommend using an interrupt combined with enter LPMx and ISR
"../driverlib/eusci_b_spi.c", line 38: remark #1530-D: (ULP 5.1) Detected divide operation(s). Recommend moving them to RAM during run time or not using as these are processing/power intensive
"../driverlib/eusci_b_spi.c", line 72: remark #1530-D: (ULP 5.1) Detected divide operation(s). Recommend moving them to RAM during run time or not using as these are processing/power intensive
"../driverlib/framctl.c", line 29: remark #1535-D: (ULP 8.1) variable "wp" is used as a constant. Recommend declaring variable as either 'static const' or 'const'
"../driverlib/framctl.c", line 61: remark #1535-D: (ULP 8.1) variable "wp" is used as a constant. Recommend declaring variable as either 'static const' or 'const'
"../driverlib/framctl.c", line 93: remark #1535-D: (ULP 8.1) variable "wp" is used as a constant. Recommend declaring variable as either 'static const' or 'const'
"../driverlib/framctl.c", line 127: remark #1535-D: (ULP 8.1) variable "wp" is used as a constant. Recommend declaring variable as either 'static const' or 'const'
Finished building: "../driverlib/eusci_b_spi.c"
 
Building file: "../driverlib/framctl.c"
Invoking: MSP430 Compiler
"/home/vityha/ti/ccs1100/ccs/tools/compiler/ti-cgt-msp430_21.6.0.LTS/bin/cl430" -vmspx --code_model=small --use_hw_mpy=F5 --include_path="/home/vityha/ti/ccs1100/ccs/ccs_base/msp430/include" --include_path="/home/vityha/POC/msp_workshop/FR4133_fram/workspace/sensor_i2c/driverlib" --include_path="/home/vityha/POC/msp_workshop/FR4133_fram/workspace/sensor_i2c" --include_path="/home/vityha/ti/ccs1100/ccs/tools/compiler/ti-cgt-msp430_21.6.0.LTS/include" --advice:power=all --advice:hw_config=all --define=__MSP430FR2433__ -g --printf_support=minimal --diag_warning=225 --diag_wrap=off --display_error_number --silicon_errata=CPU21 --silicon_errata=CPU22 --silicon_errata=CPU40 --preproc_with_compile --preproc_dependency="driverlib/framctl.d_raw" --obj_directory="driverlib"  "../driverlib/framctl.c"
Finished building: "../driverlib/framctl.c"
 
Building file: "../driverlib/eusci_a_uart.c"
Invoking: MSP430 Compiler
"/home/vityha/ti/ccs1100/ccs/tools/compiler/ti-cgt-msp430_21.6.0.LTS/bin/cl430" -vmspx --code_model=small --use_hw_mpy=F5 --include_path="/home/vityha/ti/ccs1100/ccs/ccs_base/msp430/include" --include_path="/home/vityha/POC/msp_workshop/FR4133_fram/workspace/sensor_i2c/driverlib" --include_path="/home/vityha/POC/msp_workshop/FR4133_fram/workspace/sensor_i2c" --include_path="/home/vityha/ti/ccs1100/ccs/tools/compiler/ti-cgt-msp430_21.6.0.LTS/include" --advice:power=all --advice:hw_config=all --define=__MSP430FR2433__ -g --printf_support=minimal --diag_warning=225 --diag_wrap=off --display_error_number --silicon_errata=CPU21 --silicon_errata=CPU22 --silicon_errata=CPU40 --preproc_with_compile --preproc_dependency="driverlib/eusci_a_uart.d_raw" --obj_directory="driverlib"  "../driverlib/eusci_a_uart.c"
"../driverlib/eusci_a_uart.c", line 23: remark #1535-D: (ULP 8.1) variable "retVal" is used as a constant. Recommend declaring variable as either 'static const' or 'const'
"../driverlib/eusci_a_uart.c", line 87: remark #1528-D: (ULP 3.1) Detected flag polling using UCTXIFG. Recommend using an interrupt combined with enter LPMx and ISR
"../driverlib/eusci_a_uart.c", line 98: remark #1528-D: (ULP 3.1) Detected flag polling using UCRXIFG. Recommend using an interrupt combined with enter LPMx and ISR
"../driverlib/eusci_a_uart.c", line 206: remark #1528-D: (ULP 3.1) Detected flag polling using UCTXIFG. Recommend using an interrupt combined with enter LPMx and ISR
Finished building: "../driverlib/eusci_a_uart.c"
 
Building file: "../driverlib/lcd_e.c"
Invoking: MSP430 Compiler
"/home/vityha/ti/ccs1100/ccs/tools/compiler/ti-cgt-msp430_21.6.0.LTS/bin/cl430" -vmspx --code_model=small --use_hw_mpy=F5 --include_path="/home/vityha/ti/ccs1100/ccs/ccs_base/msp430/include" --include_path="/home/vityha/POC/msp_workshop/FR4133_fram/workspace/sensor_i2c/driverlib" --include_path="/home/vityha/POC/msp_workshop/FR4133_fram/workspace/sensor_i2c" --include_path="/home/vityha/ti/ccs1100/ccs/tools/compiler/ti-cgt-msp430_21.6.0.LTS/include" --advice:power=all --advice:hw_config=all --define=__MSP430FR2433__ -g --printf_support=minimal --diag_warning=225 --diag_wrap=off --display_error_number --silicon_errata=CPU21 --silicon_errata=CPU22 --silicon_errata=CPU40 --preproc_with_compile --preproc_dependency="driverlib/lcd_e.d_raw" --obj_directory="driverlib"  "../driverlib/lcd_e.c"
Finished building: "../driverlib/lcd_e.c"
 
Building file: "../driverlib/icc.c"
Invoking: MSP430 Compiler
"/home/vityha/ti/ccs1100/ccs/tools/compiler/ti-cgt-msp430_21.6.0.LTS/bin/cl430" -vmspx --code_model=small --use_hw_mpy=F5 --include_path="/home/vityha/ti/ccs1100/ccs/ccs_base/msp430/include" --include_path="/home/vityha/POC/msp_workshop/FR4133_fram/workspace/sensor_i2c/driverlib" --include_path="/home/vityha/POC/msp_workshop/FR4133_fram/workspace/sensor_i2c" --include_path="/home/vityha/ti/ccs1100/ccs/tools/compiler/ti-cgt-msp430_21.6.0.LTS/include" --advice:power=all --advice:hw_config=all --define=__MSP430FR2433__ -g --printf_support=minimal --diag_warning=225 --diag_wrap=off --display_error_number --silicon_errata=CPU21 --silicon_errata=CPU22 --silicon_errata=CPU40 --preproc_with_compile --preproc_dependency="driverlib/icc.d_raw" --obj_directory="driverlib"  "../driverlib/icc.c"
Finished building: "../driverlib/icc.c"
 
Building file: "../driverlib/mpy32.c"
Invoking: MSP430 Compiler
"/home/vityha/ti/ccs1100/ccs/tools/compiler/ti-cgt-msp430_21.6.0.LTS/bin/cl430" -vmspx --code_model=small --use_hw_mpy=F5 --include_path="/home/vityha/ti/ccs1100/ccs/ccs_base/msp430/include" --include_path="/home/vityha/POC/msp_workshop/FR4133_fram/workspace/sensor_i2c/driverlib" --include_path="/home/vityha/POC/msp_workshop/FR4133_fram/workspace/sensor_i2c" --include_path="/home/vityha/ti/ccs1100/ccs/tools/compiler/ti-cgt-msp430_21.6.0.LTS/include" --advice:power=all --advice:hw_config=all --define=__MSP430FR2433__ -g --printf_support=minimal --diag_warning=225 --diag_wrap=off --display_error_number --silicon_errata=CPU21 --silicon_errata=CPU22 --silicon_errata=CPU40 --preproc_with_compile --preproc_dependency="driverlib/mpy32.d_raw" --obj_directory="driverlib"  "../driverlib/mpy32.c"
Finished building: "../driverlib/mpy32.c"
 
Building file: "../driverlib/eusci_b_i2c.c"
Invoking: MSP430 Compiler
"/home/vityha/ti/ccs1100/ccs/tools/compiler/ti-cgt-msp430_21.6.0.LTS/bin/cl430" -vmspx --code_model=small --use_hw_mpy=F5 --include_path="/home/vityha/ti/ccs1100/ccs/ccs_base/msp430/include" --include_path="/home/vityha/POC/msp_workshop/FR4133_fram/workspace/sensor_i2c/driverlib" --include_path="/home/vityha/POC/msp_workshop/FR4133_fram/workspace/sensor_i2c" --include_path="/home/vityha/ti/ccs1100/ccs/tools/compiler/ti-cgt-msp430_21.6.0.LTS/include" --advice:power=all --advice:hw_config=all --define=__MSP430FR2433__ -g --printf_support=minimal --diag_warning=225 --diag_wrap=off --display_error_number --silicon_errata=CPU21 --silicon_errata=CPU22 --silicon_errata=CPU40 --preproc_with_compile --preproc_dependency="driverlib/eusci_b_i2c.d_raw" --obj_directory="driverlib"  "../driverlib/eusci_b_i2c.c"
"../driverlib/eusci_b_i2c.c", line 53: remark #1530-D: (ULP 5.1) Detected divide operation(s). Recommend moving them to RAM during run time or not using as these are processing/power intensive
"../driverlib/eusci_b_i2c.c", line 186: remark #1528-D: (ULP 3.1) Detected flag polling using UCTXIFG. Recommend using an interrupt combined with enter LPMx and ISR
"../driverlib/eusci_b_i2c.c", line 192: remark #1528-D: (ULP 3.1) Detected flag polling using UCTXIFG. Recommend using an interrupt combined with enter LPMx and ISR
"../driverlib/eusci_b_i2c.c", line 219: remark #1528-D: (ULP 3.1) Detected flag polling using UCRXIFG. Recommend using an interrupt combined with enter LPMx and ISR
"../driverlib/eusci_b_i2c.c", line 213: remark #1527-D: (ULP 2.1) Detected SW delay loop using empty loop. Recommend using a timer module instead
"../driverlib/eusci_b_i2c.c", line 243: remark #1528-D: (ULP 3.1) Detected flag polling using UCTXIFG. Recommend using an interrupt combined with enter LPMx and ISR
"../driverlib/eusci_b_i2c.c", line 254: remark #1528-D: (ULP 3.1) Detected flag polling using UCTXIFG. Recommend using an interrupt combined with enter LPMx and ISR
"../driverlib/eusci_b_i2c.c", line 287: remark #1528-D: (ULP 3.1) Detected flag polling using UCTXIFG. Recommend using an interrupt combined with enter LPMx and ISR
"../driverlib/eusci_b_i2c.c", line 311: remark #1528-D: (ULP 3.1) Detected flag polling using UCTXIFG. Recommend using an interrupt combined with enter LPMx and ISR
"../driverlib/eusci_b_i2c.c", line 334: remark #1528-D: (ULP 3.1) Detected flag polling using UCTXIFG. Recommend using an interrupt combined with enter LPMx and ISR
"../driverlib/eusci_b_i2c.c", line 349: remark #1528-D: (ULP 3.1) Detected flag polling using UCTXIFG. Recommend using an interrupt combined with enter LPMx and ISR
"../driverlib/eusci_b_i2c.c", line 370: remark #1528-D: (ULP 3.1) Detected flag polling using UCTXIFG. Recommend using an interrupt combined with enter LPMx and ISR
"../driverlib/eusci_b_i2c.c", line 377: remark #1528-D: (ULP 3.1) Detected flag polling using UCTXIFG. Recommend using an interrupt combined with enter LPMx and ISR
"../driverlib/eusci_b_i2c.c", line 393: remark #1528-D: (ULP 3.1) Detected flag polling using UCTXIFG. Recommend using an interrupt combined with enter LPMx and ISR
"../driverlib/eusci_b_i2c.c", line 405: remark #1528-D: (ULP 3.1) Detected flag polling using UCTXIFG. Recommend using an interrupt combined with enter LPMx and ISR
"../driverlib/eusci_b_i2c.c", line 428: remark #1528-D: (ULP 3.1) Detected flag polling using UCTXIFG. Recommend using an interrupt combined with enter LPMx and ISR
"../driverlib/eusci_b_i2c.c", line 441: remark #1528-D: (ULP 3.1) Detected flag polling using UCTXIFG. Recommend using an interrupt combined with enter LPMx and ISR
"../driverlib/eusci_b_i2c.c", line 477: remark #1528-D: (ULP 3.1) Detected flag polling using UCRXIFG. Recommend using an interrupt combined with enter LPMx and ISR
"../driverlib/eusci_b_i2c.c", line 474: remark #1527-D: (ULP 2.1) Detected SW delay loop using empty loop. Recommend using a timer module instead
"../driverlib/eusci_b_i2c.c", line 503: remark #1528-D: (ULP 3.1) Detected flag polling using UCRXIFG. Recommend using an interrupt combined with enter LPMx and ISR
"../driverlib/eusci_b_i2c.c", line 495: remark #1527-D: (ULP 2.1) Detected SW delay loop using empty loop. Recommend using a timer module instead
"../driverlib/eusci_b_i2c.c", line 540: remark #1528-D: (ULP 3.1) Detected flag polling using UCRXIFG0. Recommend using an interrupt combined with enter LPMx and ISR
Finished building: "../driverlib/eusci_b_i2c.c"
 
Building file: "../driverlib/cs.c"
Invoking: MSP430 Compiler
"/home/vityha/ti/ccs1100/ccs/tools/compiler/ti-cgt-msp430_21.6.0.LTS/bin/cl430" -vmspx --code_model=small --use_hw_mpy=F5 --include_path="/home/vityha/ti/ccs1100/ccs/ccs_base/msp430/include" --include_path="/home/vityha/POC/msp_workshop/FR4133_fram/workspace/sensor_i2c/driverlib" --include_path="/home/vityha/POC/msp_workshop/FR4133_fram/workspace/sensor_i2c" --include_path="/home/vityha/ti/ccs1100/ccs/tools/compiler/ti-cgt-msp430_21.6.0.LTS/include" --advice:power=all --advice:hw_config=all --define=__MSP430FR2433__ -g --printf_support=minimal --diag_warning=225 --diag_wrap=off --display_error_number --silicon_errata=CPU21 --silicon_errata=CPU22 --silicon_errata=CPU40 --preproc_with_compile --preproc_dependency="driverlib/cs.d_raw" --obj_directory="driverlib"  "../driverlib/cs.c"
"../driverlib/cs.c", line 133: remark #1530-D: (ULP 5.1) Detected divide operation(s). Recommend moving them to RAM during run time or not using as these are processing/power intensive
"../driverlib/cs.c", line 148: remark #1530-D: (ULP 5.1) Detected divide operation(s). Recommend moving them to RAM during run time or not using as these are processing/power intensive
"../driverlib/cs.c", line 172: remark #1530-D: (ULP 5.1) Detected divide operation(s). Recommend moving them to RAM during run time or not using as these are processing/power intensive
"../driverlib/cs.c", line 176: remark #1530-D: (ULP 5.1) Detected divide operation(s). Recommend moving them to RAM during run time or not using as these are processing/power intensive
"../driverlib/cs.c", line 181: remark #1530-D: (ULP 5.1) Detected divide operation(s). Recommend moving them to RAM during run time or not using as these are processing/power intensive
"../driverlib/cs.c", line 213: remark #1527-D: (ULP 2.1) Detected SW delay loop using __delay_cycles. Recommend using a timer module instead
"../driverlib/cs.c", line 216: remark #1527-D: (ULP 2.1) Detected SW delay loop using __delay_cycles. Recommend using a timer module instead
"../driverlib/cs.c", line 219: remark #1527-D: (ULP 2.1) Detected SW delay loop using __delay_cycles. Recommend using a timer module instead
"../driverlib/cs.c", line 222: remark #1527-D: (ULP 2.1) Detected SW delay loop using __delay_cycles. Recommend using a timer module instead
"../driverlib/cs.c", line 225: remark #1527-D: (ULP 2.1) Detected SW delay loop using __delay_cycles. Recommend using a timer module instead
"../driverlib/cs.c", line 228: remark #1527-D: (ULP 2.1) Detected SW delay loop using __delay_cycles. Recommend using a timer module instead
"../driverlib/cs.c", line 231: remark #1527-D: (ULP 2.1) Detected SW delay loop using __delay_cycles. Recommend using a timer module instead
"../driverlib/cs.c", line 234: remark #1527-D: (ULP 2.1) Detected SW delay loop using __delay_cycles. Recommend using a timer module instead
"../driverlib/cs.c", line 237: remark #1527-D: (ULP 2.1) Detected SW delay loop using __delay_cycles. Recommend using a timer module instead
"../driverlib/cs.c", line 242: remark #1527-D: (ULP 2.1) Detected SW delay loop using empty loop. Recommend using a timer module instead
"../driverlib/cs.c", line 292: remark #1527-D: (ULP 2.1) Detected SW delay loop using empty loop. Recommend using a timer module instead
"../driverlib/cs.c", line 601: remark #1535-D: (ULP 8.1) variable "dco_FLLD" is used as a constant. Recommend declaring variable as either 'static const' or 'const'
"../driverlib/cs.c", line 703: remark #1535-D: (ULP 8.1) variable "dco_FLLD" is used as a constant. Recommend declaring variable as either 'static const' or 'const'
"../driverlib/cs.c", line 822: remark #1535-D: (ULP 8.1) variable "dco_FLLD" is used as a constant. Recommend declaring variable as either 'static const' or 'const'
"../driverlib/cs.c", line 984: remark #1535-D: (ULP 8.1) variable "ACLKSourceDivider" is used as a constant. Recommend declaring variable as either 'static const' or 'const'
Finished building: "../driverlib/cs.c"
 
Building file: "../driverlib/sac.c"
Invoking: MSP430 Compiler
"/home/vityha/ti/ccs1100/ccs/tools/compiler/ti-cgt-msp430_21.6.0.LTS/bin/cl430" -vmspx --code_model=small --use_hw_mpy=F5 --include_path="/home/vityha/ti/ccs1100/ccs/ccs_base/msp430/include" --include_path="/home/vityha/POC/msp_workshop/FR4133_fram/workspace/sensor_i2c/driverlib" --include_path="/home/vityha/POC/msp_workshop/FR4133_fram/workspace/sensor_i2c" --include_path="/home/vityha/ti/ccs1100/ccs/tools/compiler/ti-cgt-msp430_21.6.0.LTS/include" --advice:power=all --advice:hw_config=all --define=__MSP430FR2433__ -g --printf_support=minimal --diag_warning=225 --diag_wrap=off --display_error_number --silicon_errata=CPU21 --silicon_errata=CPU22 --silicon_errata=CPU40 --preproc_with_compile --preproc_dependency="driverlib/sac.d_raw" --obj_directory="driverlib"  "../driverlib/sac.c"
Finished building: "../driverlib/sac.c"
 
Building file: "../driverlib/gpio.c"
Invoking: MSP430 Compiler
"/home/vityha/ti/ccs1100/ccs/tools/compiler/ti-cgt-msp430_21.6.0.LTS/bin/cl430" -vmspx --code_model=small --use_hw_mpy=F5 --include_path="/home/vityha/ti/ccs1100/ccs/ccs_base/msp430/include" --include_path="/home/vityha/POC/msp_workshop/FR4133_fram/workspace/sensor_i2c/driverlib" --include_path="/home/vityha/POC/msp_workshop/FR4133_fram/workspace/sensor_i2c" --include_path="/home/vityha/ti/ccs1100/ccs/tools/compiler/ti-cgt-msp430_21.6.0.LTS/include" --advice:power=all --advice:hw_config=all --define=__MSP430FR2433__ -g --printf_support=minimal --diag_warning=225 --diag_wrap=off --display_error_number --silicon_errata=CPU21 --silicon_errata=CPU22 --silicon_errata=CPU40 --preproc_with_compile --preproc_dependency="driverlib/gpio.d_raw" --obj_directory="driverlib"  "../driverlib/gpio.c"
Finished building: "../driverlib/gpio.c"
 
Building file: "../driverlib/rtc.c"
Invoking: MSP430 Compiler
"/home/vityha/ti/ccs1100/ccs/tools/compiler/ti-cgt-msp430_21.6.0.LTS/bin/cl430" -vmspx --code_model=small --use_hw_mpy=F5 --include_path="/home/vityha/ti/ccs1100/ccs/ccs_base/msp430/include" --include_path="/home/vityha/POC/msp_workshop/FR4133_fram/workspace/sensor_i2c/driverlib" --include_path="/home/vityha/POC/msp_workshop/FR4133_fram/workspace/sensor_i2c" --include_path="/home/vityha/ti/ccs1100/ccs/tools/compiler/ti-cgt-msp430_21.6.0.LTS/include" --advice:power=all --advice:hw_config=all --define=__MSP430FR2433__ -g --printf_support=minimal --diag_warning=225 --diag_wrap=off --display_error_number --silicon_errata=CPU21 --silicon_errata=CPU22 --silicon_errata=CPU40 --preproc_with_compile --preproc_dependency="driverlib/rtc.d_raw" --obj_directory="driverlib"  "../driverlib/rtc.c"
Finished building: "../driverlib/rtc.c"
 
Building file: "../driverlib/pmm.c"
Invoking: MSP430 Compiler
"/home/vityha/ti/ccs1100/ccs/tools/compiler/ti-cgt-msp430_21.6.0.LTS/bin/cl430" -vmspx --code_model=small --use_hw_mpy=F5 --include_path="/home/vityha/ti/ccs1100/ccs/ccs_base/msp430/include" --include_path="/home/vityha/POC/msp_workshop/FR4133_fram/workspace/sensor_i2c/driverlib" --include_path="/home/vityha/POC/msp_workshop/FR4133_fram/workspace/sensor_i2c" --include_path="/home/vityha/ti/ccs1100/ccs/tools/compiler/ti-cgt-msp430_21.6.0.LTS/include" --advice:power=all --advice:hw_config=all --define=__MSP430FR2433__ -g --printf_support=minimal --diag_warning=225 --diag_wrap=off --display_error_number --silicon_errata=CPU21 --silicon_errata=CPU22 --silicon_errata=CPU40 --preproc_with_compile --preproc_dependency="driverlib/pmm.d_raw" --obj_directory="driverlib"  "../driverlib/pmm.c"
Finished building: "../driverlib/pmm.c"
 
Building file: "../driverlib/sfr.c"
Invoking: MSP430 Compiler
"/home/vityha/ti/ccs1100/ccs/tools/compiler/ti-cgt-msp430_21.6.0.LTS/bin/cl430" -vmspx --code_model=small --use_hw_mpy=F5 --include_path="/home/vityha/ti/ccs1100/ccs/ccs_base/msp430/include" --include_path="/home/vityha/POC/msp_workshop/FR4133_fram/workspace/sensor_i2c/driverlib" --include_path="/home/vityha/POC/msp_workshop/FR4133_fram/workspace/sensor_i2c" --include_path="/home/vityha/ti/ccs1100/ccs/tools/compiler/ti-cgt-msp430_21.6.0.LTS/include" --advice:power=all --advice:hw_config=all --define=__MSP430FR2433__ -g --printf_support=minimal --diag_warning=225 --diag_wrap=off --display_error_number --silicon_errata=CPU21 --silicon_errata=CPU22 --silicon_errata=CPU40 --preproc_with_compile --preproc_dependency="driverlib/sfr.d_raw" --obj_directory="driverlib"  "../driverlib/sfr.c"
Finished building: "../driverlib/sfr.c"
 
Building file: "../driverlib/tia.c"
Invoking: MSP430 Compiler
"/home/vityha/ti/ccs1100/ccs/tools/compiler/ti-cgt-msp430_21.6.0.LTS/bin/cl430" -vmspx --code_model=small --use_hw_mpy=F5 --include_path="/home/vityha/ti/ccs1100/ccs/ccs_base/msp430/include" --include_path="/home/vityha/POC/msp_workshop/FR4133_fram/workspace/sensor_i2c/driverlib" --include_path="/home/vityha/POC/msp_workshop/FR4133_fram/workspace/sensor_i2c" --include_path="/home/vityha/ti/ccs1100/ccs/tools/compiler/ti-cgt-msp430_21.6.0.LTS/include" --advice:power=all --advice:hw_config=all --define=__MSP430FR2433__ -g --printf_support=minimal --diag_warning=225 --diag_wrap=off --display_error_number --silicon_errata=CPU21 --silicon_errata=CPU22 --silicon_errata=CPU40 --preproc_with_compile --preproc_dependency="driverlib/tia.d_raw" --obj_directory="driverlib"  "../driverlib/tia.c"
Finished building: "../driverlib/tia.c"
 
Building file: "../driverlib/sysctl.c"
Invoking: MSP430 Compiler
"/home/vityha/ti/ccs1100/ccs/tools/compiler/ti-cgt-msp430_21.6.0.LTS/bin/cl430" -vmspx --code_model=small --use_hw_mpy=F5 --include_path="/home/vityha/ti/ccs1100/ccs/ccs_base/msp430/include" --include_path="/home/vityha/POC/msp_workshop/FR4133_fram/workspace/sensor_i2c/driverlib" --include_path="/home/vityha/POC/msp_workshop/FR4133_fram/workspace/sensor_i2c" --include_path="/home/vityha/ti/ccs1100/ccs/tools/compiler/ti-cgt-msp430_21.6.0.LTS/include" --advice:power=all --advice:hw_config=all --define=__MSP430FR2433__ -g --printf_support=minimal --diag_warning=225 --diag_wrap=off --display_error_number --silicon_errata=CPU21 --silicon_errata=CPU22 --silicon_errata=CPU40 --preproc_with_compile --preproc_dependency="driverlib/sysctl.d_raw" --obj_directory="driverlib"  "../driverlib/sysctl.c"
Finished building: "../driverlib/sysctl.c"
 
Building file: "../driverlib/timer_b.c"
Invoking: MSP430 Compiler
"/home/vityha/ti/ccs1100/ccs/tools/compiler/ti-cgt-msp430_21.6.0.LTS/bin/cl430" -vmspx --code_model=small --use_hw_mpy=F5 --include_path="/home/vityha/ti/ccs1100/ccs/ccs_base/msp430/include" --include_path="/home/vityha/POC/msp_workshop/FR4133_fram/workspace/sensor_i2c/driverlib" --include_path="/home/vityha/POC/msp_workshop/FR4133_fram/workspace/sensor_i2c" --include_path="/home/vityha/ti/ccs1100/ccs/tools/compiler/ti-cgt-msp430_21.6.0.LTS/include" --advice:power=all --advice:hw_config=all --define=__MSP430FR2433__ -g --printf_support=minimal --diag_warning=225 --diag_wrap=off --display_error_number --silicon_errata=CPU21 --silicon_errata=CPU22 --silicon_errata=CPU40 --preproc_with_compile --preproc_dependency="driverlib/timer_b.d_raw" --obj_directory="driverlib"  "../driverlib/timer_b.c"
Finished building: "../driverlib/timer_b.c"
 
Building file: "../driverlib/tlv.c"
Invoking: MSP430 Compiler
"/home/vityha/ti/ccs1100/ccs/tools/compiler/ti-cgt-msp430_21.6.0.LTS/bin/cl430" -vmspx --code_model=small --use_hw_mpy=F5 --include_path="/home/vityha/ti/ccs1100/ccs/ccs_base/msp430/include" --include_path="/home/vityha/POC/msp_workshop/FR4133_fram/workspace/sensor_i2c/driverlib" --include_path="/home/vityha/POC/msp_workshop/FR4133_fram/workspace/sensor_i2c" --include_path="/home/vityha/ti/ccs1100/ccs/tools/compiler/ti-cgt-msp430_21.6.0.LTS/include" --advice:power=all --advice:hw_config=all --define=__MSP430FR2433__ -g --printf_support=minimal --diag_warning=225 --diag_wrap=off --display_error_number --silicon_errata=CPU21 --silicon_errata=CPU22 --silicon_errata=CPU40 --preproc_with_compile --preproc_dependency="driverlib/tlv.d_raw" --obj_directory="driverlib"  "../driverlib/tlv.c"
Finished building: "../driverlib/tlv.c"
 
Building file: "../driverlib/wdt_a.c"
Invoking: MSP430 Compiler
"/home/vityha/ti/ccs1100/ccs/tools/compiler/ti-cgt-msp430_21.6.0.LTS/bin/cl430" -vmspx --code_model=small --use_hw_mpy=F5 --include_path="/home/vityha/ti/ccs1100/ccs/ccs_base/msp430/include" --include_path="/home/vityha/POC/msp_workshop/FR4133_fram/workspace/sensor_i2c/driverlib" --include_path="/home/vityha/POC/msp_workshop/FR4133_fram/workspace/sensor_i2c" --include_path="/home/vityha/ti/ccs1100/ccs/tools/compiler/ti-cgt-msp430_21.6.0.LTS/include" --advice:power=all --advice:hw_config=all --define=__MSP430FR2433__ -g --printf_support=minimal --diag_warning=225 --diag_wrap=off --display_error_number --silicon_errata=CPU21 --silicon_errata=CPU22 --silicon_errata=CPU40 --preproc_with_compile --preproc_dependency="driverlib/wdt_a.d_raw" --obj_directory="driverlib"  "../driverlib/wdt_a.c"
Finished building: "../driverlib/wdt_a.c"
 
Building file: "../driverlib/timer_a.c"
Invoking: MSP430 Compiler
"/home/vityha/ti/ccs1100/ccs/tools/compiler/ti-cgt-msp430_21.6.0.LTS/bin/cl430" -vmspx --code_model=small --use_hw_mpy=F5 --include_path="/home/vityha/ti/ccs1100/ccs/ccs_base/msp430/include" --include_path="/home/vityha/POC/msp_workshop/FR4133_fram/workspace/sensor_i2c/driverlib" --include_path="/home/vityha/POC/msp_workshop/FR4133_fram/workspace/sensor_i2c" --include_path="/home/vityha/ti/ccs1100/ccs/tools/compiler/ti-cgt-msp430_21.6.0.LTS/include" --advice:power=all --advice:hw_config=all --define=__MSP430FR2433__ -g --printf_support=minimal --diag_warning=225 --diag_wrap=off --display_error_number --silicon_errata=CPU21 --silicon_errata=CPU22 --silicon_errata=CPU40 --preproc_with_compile --preproc_dependency="driverlib/timer_a.d_raw" --obj_directory="driverlib"  "../driverlib/timer_a.c"
Finished building: "../driverlib/timer_a.c"
 
gmake: Target 'all' not remade because of errors.

**** Build Finished ****
